0    INFO  [2013-01-14 00:42:24]  Refreshing org.springframework.context.support.ClassPathXmlApplicationContext@5311a775: display name [org.springframework.context.support.ClassPathXmlApplicationContext@5311a775]; startup date [Mon Jan 14 00:42:24 CST 2013]; root of context hierarchy
77   INFO  [2013-01-14 00:42:24]  Loading XML bean definitions from URL [file:/home/chenjw/my_workspace/spider/dt/common/config/target/classes/context.xml]
197  INFO  [2013-01-14 00:42:24]  Loading XML bean definitions from URL [file:/home/chenjw/my_workspace/spider/dt/common/config/target/classes/spring/datasource.xml]
221  INFO  [2013-01-14 00:42:24]  Loading XML bean definitions from URL [file:/home/chenjw/my_workspace/spider/dt/common/config/target/classes/spring/dao.xml]
234  INFO  [2013-01-14 00:42:24]  Loading XML bean definitions from URL [file:/home/chenjw/my_workspace/spider/dt/common/config/target/classes/spring/service.xml]
245  INFO  [2013-01-14 00:42:24]  Bean factory for application context [org.springframework.context.support.ClassPathXmlApplicationContext@5311a775]: org.springframework.beans.factory.support.DefaultListableBeanFactory@4ce32802
457  INFO  [2013-01-14 00:42:24]  Pre-instantiating singletons in org.springframework.beans.factory.support.DefaultListableBeanFactory@4ce32802: defining beans [org.springframework.beans.factory.config.PropertyPlaceholderConfigurer#0,dataSource,sqlMapClient,lobHandler,baseSqlMapClientDAO,deletedTweetDAO,tweetDAO,watchedUserDAO,httpClient,deletedTweetCheckService,deletedTweetReadService,weiboService,userService]; root of factory hierarchy
0    INFO  [2013-01-14 00:43:36]  Refreshing org.springframework.context.support.ClassPathXmlApplicationContext@2c091cee: display name [org.springframework.context.support.ClassPathXmlApplicationContext@2c091cee]; startup date [Mon Jan 14 00:43:36 CST 2013]; root of context hierarchy
79   INFO  [2013-01-14 00:43:36]  Loading XML bean definitions from URL [file:/home/chenjw/my_workspace/spider/dt/common/config/target/classes/context.xml]
186  INFO  [2013-01-14 00:43:36]  Loading XML bean definitions from URL [file:/home/chenjw/my_workspace/spider/dt/common/config/target/classes/spring/datasource.xml]
214  INFO  [2013-01-14 00:43:36]  Loading XML bean definitions from URL [file:/home/chenjw/my_workspace/spider/dt/common/config/target/classes/spring/dao.xml]
230  INFO  [2013-01-14 00:43:36]  Loading XML bean definitions from URL [file:/home/chenjw/my_workspace/spider/dt/common/config/target/classes/spring/service.xml]
245  INFO  [2013-01-14 00:43:36]  Bean factory for application context [org.springframework.context.support.ClassPathXmlApplicationContext@2c091cee]: org.springframework.beans.factory.support.DefaultListableBeanFactory@4ce32802
447  INFO  [2013-01-14 00:43:36]  Pre-instantiating singletons in org.springframework.beans.factory.support.DefaultListableBeanFactory@4ce32802: defining beans [org.springframework.beans.factory.config.PropertyPlaceholderConfigurer#0,dataSource,sqlMapClient,lobHandler,baseSqlMapClientDAO,deletedTweetDAO,tweetDAO,watchedUserDAO,httpClient,deletedTweetCheckService,deletedTweetReadService,weiboService,userService]; root of factory hierarchy
1339 INFO  [2013-01-14 00:43:37]  Loading XML bean definitions from class path resource [org/springframework/jdbc/support/sql-error-codes.xml]
1367 INFO  [2013-01-14 00:43:37]  SQLErrorCodes loaded: [DB2, Derby, H2, HSQL, Informix, MS-SQL, MySQL, Oracle, PostgreSQL, Sybase]
0    INFO  [2013-01-14 00:43:58]  Refreshing org.springframework.context.support.ClassPathXmlApplicationContext@2c091cee: display name [org.springframework.context.support.ClassPathXmlApplicationContext@2c091cee]; startup date [Mon Jan 14 00:43:58 CST 2013]; root of context hierarchy
79   INFO  [2013-01-14 00:43:58]  Loading XML bean definitions from URL [file:/home/chenjw/my_workspace/spider/dt/common/config/target/classes/context.xml]
189  INFO  [2013-01-14 00:43:58]  Loading XML bean definitions from URL [file:/home/chenjw/my_workspace/spider/dt/common/config/target/classes/spring/datasource.xml]
209  INFO  [2013-01-14 00:43:58]  Loading XML bean definitions from URL [file:/home/chenjw/my_workspace/spider/dt/common/config/target/classes/spring/dao.xml]
219  INFO  [2013-01-14 00:43:58]  Loading XML bean definitions from URL [file:/home/chenjw/my_workspace/spider/dt/common/config/target/classes/spring/service.xml]
230  INFO  [2013-01-14 00:43:58]  Bean factory for application context [org.springframework.context.support.ClassPathXmlApplicationContext@2c091cee]: org.springframework.beans.factory.support.DefaultListableBeanFactory@4ce32802
409  INFO  [2013-01-14 00:43:58]  Pre-instantiating singletons in org.springframework.beans.factory.support.DefaultListableBeanFactory@4ce32802: defining beans [org.springframework.beans.factory.config.PropertyPlaceholderConfigurer#0,dataSource,sqlMapClient,lobHandler,baseSqlMapClientDAO,deletedTweetDAO,tweetDAO,watchedUserDAO,httpClient,deletedTweetCheckService,deletedTweetReadService,weiboService,userService]; root of factory hierarchy
0    INFO  [2013-01-14 00:55:03]  Refreshing org.springframework.context.support.ClassPathXmlApplicationContext@5311a775: display name [org.springframework.context.support.ClassPathXmlApplicationContext@5311a775]; startup date [Mon Jan 14 00:55:03 CST 2013]; root of context hierarchy
83   INFO  [2013-01-14 00:55:03]  Loading XML bean definitions from URL [file:/home/chenjw/my_workspace/spider/dt/common/config/target/classes/context.xml]
195  INFO  [2013-01-14 00:55:03]  Loading XML bean definitions from URL [file:/home/chenjw/my_workspace/spider/dt/common/config/target/classes/spring/datasource.xml]
217  INFO  [2013-01-14 00:55:03]  Loading XML bean definitions from URL [file:/home/chenjw/my_workspace/spider/dt/common/config/target/classes/spring/dao.xml]
232  INFO  [2013-01-14 00:55:03]  Loading XML bean definitions from URL [file:/home/chenjw/my_workspace/spider/dt/common/config/target/classes/spring/service.xml]
248  INFO  [2013-01-14 00:55:03]  Bean factory for application context [org.springframework.context.support.ClassPathXmlApplicationContext@5311a775]: org.springframework.beans.factory.support.DefaultListableBeanFactory@4ce32802
435  INFO  [2013-01-14 00:55:03]  Pre-instantiating singletons in org.springframework.beans.factory.support.DefaultListableBeanFactory@4ce32802: defining beans [org.springframework.beans.factory.config.PropertyPlaceholderConfigurer#0,dataSource,sqlMapClient,lobHandler,baseSqlMapClientDAO,deletedTweetDAO,tweetDAO,watchedUserDAO,httpClient,deletedTweetCheckService,deletedTweetReadService,weiboService,userService]; root of factory hierarchy
0    INFO  [2013-01-14 01:01:08]  Refreshing org.springframework.context.support.ClassPathXmlApplicationContext@2c091cee: display name [org.springframework.context.support.ClassPathXmlApplicationContext@2c091cee]; startup date [Mon Jan 14 01:01:08 CST 2013]; root of context hierarchy
76   INFO  [2013-01-14 01:01:08]  Loading XML bean definitions from URL [file:/home/chenjw/my_workspace/spider/dt/common/config/target/classes/context.xml]
198  INFO  [2013-01-14 01:01:08]  Loading XML bean definitions from URL [file:/home/chenjw/my_workspace/spider/dt/common/config/target/classes/spring/datasource.xml]
220  INFO  [2013-01-14 01:01:08]  Loading XML bean definitions from URL [file:/home/chenjw/my_workspace/spider/dt/common/config/target/classes/spring/dao.xml]
235  INFO  [2013-01-14 01:01:08]  Loading XML bean definitions from URL [file:/home/chenjw/my_workspace/spider/dt/common/config/target/classes/spring/service.xml]
251  INFO  [2013-01-14 01:01:08]  Bean factory for application context [org.springframework.context.support.ClassPathXmlApplicationContext@2c091cee]: org.springframework.beans.factory.support.DefaultListableBeanFactory@5557c2bd
459  INFO  [2013-01-14 01:01:08]  Pre-instantiating singletons in org.springframework.beans.factory.support.DefaultListableBeanFactory@5557c2bd: defining beans [org.springframework.beans.factory.config.PropertyPlaceholderConfigurer#0,dataSource,sqlMapClient,lobHandler,baseSqlMapClientDAO,deletedTweetDAO,tweetDAO,watchedUserDAO,httpClient,deletedTweetCheckService,deletedTweetReadService,weiboService,userService]; root of factory hierarchy
