18885 ERROR [2014-02-01 01:16:24]  执行HTTP请求失败
org.apache.http.client.ClientProtocolException
	at org.apache.http.impl.client.AbstractHttpClient.execute(AbstractHttpClient.java:909)
	at org.apache.http.impl.client.AbstractHttpClient.execute(AbstractHttpClient.java:805)
	at com.chenjw.client.impl.SimpleHttpClient.excuteMethod(SimpleHttpClient.java:200)
	at com.chenjw.client.impl.SimpleHttpClient.get(SimpleHttpClient.java:134)
	at com.chenjw.spider.aliuser.impl.DetailActor.getUserInfo(DetailActor.java:25)
	at com.chenjw.spider.aliuser.impl.DetailActor_$$_javassist_13._d0getUserInfo(DetailActor_$$_javassist_13.java)
	at sun.reflect.NativeMethodAccessorImpl.invoke0(Native Method)
	at sun.reflect.NativeMethodAccessorImpl.invoke(NativeMethodAccessorImpl.java:39)
	at sun.reflect.DelegatingMethodAccessorImpl.invoke(DelegatingMethodAccessorImpl.java:25)
	at java.lang.reflect.Method.invoke(Method.java:597)
	at com.chenjw.spider.aliuser.ActorFactory$4.invoke(ActorFactory.java:104)
	at akka.actor.UntypedActor_$$_javassist_4.onReceive(UntypedActor_$$_javassist_4.java)
	at akka.actor.UntypedActor$$anonfun$receive$1.applyOrElse(UntypedActor.scala:167)
	at akka.actor.ActorCell.receiveMessage(ActorCell.scala:498)
	at akka.actor.ActorCell.invoke(ActorCell.scala:456)
	at akka.dispatch.Mailbox.processMailbox(Mailbox.scala:237)
	at akka.dispatch.Mailbox.run(Mailbox.scala:219)
	at akka.dispatch.ForkJoinExecutorConfigurator$AkkaForkJoinTask.exec(AbstractDispatcher.scala:386)
	at scala.concurrent.forkjoin.ForkJoinTask.doExec(ForkJoinTask.java:260)
	at scala.concurrent.forkjoin.ForkJoinPool$WorkQueue.runTask(ForkJoinPool.java:1339)
	at scala.concurrent.forkjoin.ForkJoinPool.runWorker(ForkJoinPool.java:1979)
	at scala.concurrent.forkjoin.ForkJoinWorkerThread.run(ForkJoinWorkerThread.java:107)
Caused by: org.apache.http.client.CircularRedirectException: Circular redirect to 'https://login.alibaba-inc.com/ssoLogin.htm?APP_NAME=EHR&BACK_URL=https%3A%2F%2Fehr.alibaba-inc.com%2Femployee%2F%2FempInfo.htm%3FworkNo%3D9&CONTEXT_PATH=employee'
	at org.apache.http.impl.client.DefaultRedirectStrategy.getLocationURI(DefaultRedirectStrategy.java:183)
	at org.apache.http.impl.client.DefaultRedirectStrategy.getRedirect(DefaultRedirectStrategy.java:217)
	at org.apache.http.impl.client.DefaultRequestDirector.handleResponse(DefaultRequestDirector.java:1105)
	at org.apache.http.impl.client.DefaultRequestDirector.execute(DefaultRequestDirector.java:548)
	at org.apache.http.impl.client.AbstractHttpClient.execute(AbstractHttpClient.java:906)
	... 21 more
23289 ERROR [2014-02-01 01:16:28]  执行HTTP请求失败
org.apache.http.client.ClientProtocolException
	at org.apache.http.impl.client.AbstractHttpClient.execute(AbstractHttpClient.java:909)
	at org.apache.http.impl.client.AbstractHttpClient.execute(AbstractHttpClient.java:805)
	at com.chenjw.client.impl.SimpleHttpClient.excuteMethod(SimpleHttpClient.java:200)
	at com.chenjw.client.impl.SimpleHttpClient.get(SimpleHttpClient.java:134)
	at com.chenjw.spider.aliuser.impl.DetailActor.getUserInfo(DetailActor.java:25)
	at com.chenjw.spider.aliuser.impl.DetailActor_$$_javassist_15._d0getUserInfo(DetailActor_$$_javassist_15.java)
	at sun.reflect.NativeMethodAccessorImpl.invoke0(Native Method)
	at sun.reflect.NativeMethodAccessorImpl.invoke(NativeMethodAccessorImpl.java:39)
	at sun.reflect.DelegatingMethodAccessorImpl.invoke(DelegatingMethodAccessorImpl.java:25)
	at java.lang.reflect.Method.invoke(Method.java:597)
	at com.chenjw.spider.aliuser.ActorFactory$4.invoke(ActorFactory.java:104)
	at akka.actor.UntypedActor_$$_javassist_4.onReceive(UntypedActor_$$_javassist_4.java)
	at akka.actor.UntypedActor$$anonfun$receive$1.applyOrElse(UntypedActor.scala:167)
	at akka.actor.ActorCell.receiveMessage(ActorCell.scala:498)
	at akka.actor.ActorCell.invoke(ActorCell.scala:456)
	at akka.dispatch.Mailbox.processMailbox(Mailbox.scala:237)
	at akka.dispatch.Mailbox.run(Mailbox.scala:219)
	at akka.dispatch.ForkJoinExecutorConfigurator$AkkaForkJoinTask.exec(AbstractDispatcher.scala:386)
	at scala.concurrent.forkjoin.ForkJoinTask.doExec(ForkJoinTask.java:260)
	at scala.concurrent.forkjoin.ForkJoinPool$WorkQueue.runTask(ForkJoinPool.java:1339)
	at scala.concurrent.forkjoin.ForkJoinPool.runWorker(ForkJoinPool.java:1979)
	at scala.concurrent.forkjoin.ForkJoinWorkerThread.run(ForkJoinWorkerThread.java:107)
Caused by: org.apache.http.client.CircularRedirectException: Circular redirect to 'https://login.alibaba-inc.com/ssoLogin.htm?APP_NAME=EHR&BACK_URL=https%3A%2F%2Fehr.alibaba-inc.com%2Femployee%2F%2FempInfo.htm%3FworkNo%3D11&CONTEXT_PATH=employee'
	at org.apache.http.impl.client.DefaultRedirectStrategy.getLocationURI(DefaultRedirectStrategy.java:183)
	at org.apache.http.impl.client.DefaultRedirectStrategy.getRedirect(DefaultRedirectStrategy.java:217)
	at org.apache.http.impl.client.DefaultRequestDirector.handleResponse(DefaultRequestDirector.java:1105)
	at org.apache.http.impl.client.DefaultRequestDirector.execute(DefaultRequestDirector.java:548)
	at org.apache.http.impl.client.AbstractHttpClient.execute(AbstractHttpClient.java:906)
	... 21 more
26808 ERROR [2014-02-01 01:16:32]  执行HTTP请求失败
org.apache.http.client.ClientProtocolException
	at org.apache.http.impl.client.AbstractHttpClient.execute(AbstractHttpClient.java:909)
	at org.apache.http.impl.client.AbstractHttpClient.execute(AbstractHttpClient.java:805)
	at com.chenjw.client.impl.SimpleHttpClient.excuteMethod(SimpleHttpClient.java:200)
	at com.chenjw.client.impl.SimpleHttpClient.get(SimpleHttpClient.java:134)
	at com.chenjw.spider.aliuser.impl.DetailActor.getUserInfo(DetailActor.java:25)
	at com.chenjw.spider.aliuser.impl.DetailActor_$$_javassist_14._d0getUserInfo(DetailActor_$$_javassist_14.java)
	at sun.reflect.NativeMethodAccessorImpl.invoke0(Native Method)
	at sun.reflect.NativeMethodAccessorImpl.invoke(NativeMethodAccessorImpl.java:39)
	at sun.reflect.DelegatingMethodAccessorImpl.invoke(DelegatingMethodAccessorImpl.java:25)
	at java.lang.reflect.Method.invoke(Method.java:597)
	at com.chenjw.spider.aliuser.ActorFactory$4.invoke(ActorFactory.java:104)
	at akka.actor.UntypedActor_$$_javassist_4.onReceive(UntypedActor_$$_javassist_4.java)
	at akka.actor.UntypedActor$$anonfun$receive$1.applyOrElse(UntypedActor.scala:167)
	at akka.actor.ActorCell.receiveMessage(ActorCell.scala:498)
	at akka.actor.ActorCell.invoke(ActorCell.scala:456)
	at akka.dispatch.Mailbox.processMailbox(Mailbox.scala:237)
	at akka.dispatch.Mailbox.run(Mailbox.scala:219)
	at akka.dispatch.ForkJoinExecutorConfigurator$AkkaForkJoinTask.exec(AbstractDispatcher.scala:386)
	at scala.concurrent.forkjoin.ForkJoinTask.doExec(ForkJoinTask.java:260)
	at scala.concurrent.forkjoin.ForkJoinPool$WorkQueue.runTask(ForkJoinPool.java:1339)
	at scala.concurrent.forkjoin.ForkJoinPool.runWorker(ForkJoinPool.java:1979)
	at scala.concurrent.forkjoin.ForkJoinWorkerThread.run(ForkJoinWorkerThread.java:107)
Caused by: org.apache.http.client.CircularRedirectException: Circular redirect to 'https://login.alibaba-inc.com/ssoLogin.htm?APP_NAME=EHR&BACK_URL=https%3A%2F%2Fehr.alibaba-inc.com%2Femployee%2F%2FempInfo.htm%3FworkNo%3D10&CONTEXT_PATH=employee'
	at org.apache.http.impl.client.DefaultRedirectStrategy.getLocationURI(DefaultRedirectStrategy.java:183)
	at org.apache.http.impl.client.DefaultRedirectStrategy.getRedirect(DefaultRedirectStrategy.java:217)
	at org.apache.http.impl.client.DefaultRequestDirector.handleResponse(DefaultRequestDirector.java:1105)
	at org.apache.http.impl.client.DefaultRequestDirector.execute(DefaultRequestDirector.java:548)
	at org.apache.http.impl.client.AbstractHttpClient.execute(AbstractHttpClient.java:906)
	... 21 more
0    INFO  [2014-02-01 01:17:54]  Refreshing org.springframework.context.support.ClassPathXmlApplicationContext@fd7ad1c: display name [org.springframework.context.support.ClassPathXmlApplicationContext@fd7ad1c]; startup date [Sat Feb 01 01:17:54 CST 2014]; root of context hierarchy
81   INFO  [2014-02-01 01:17:54]  Loading XML bean definitions from class path resource [bean/main.xml]
243  INFO  [2014-02-01 01:17:54]  Loading XML bean definitions from class path resource [bean/common.xml]
296  INFO  [2014-02-01 01:17:54]  Loading XML bean definitions from class path resource [bean/aliuser.xml]
322  INFO  [2014-02-01 01:17:54]  Bean factory for application context [org.springframework.context.support.ClassPathXmlApplicationContext@fd7ad1c]: org.springframework.beans.factory.support.DefaultListableBeanFactory@76f8968f
342  INFO  [2014-02-01 01:17:54]  Pre-instantiating singletons in org.springframework.beans.factory.support.DefaultListableBeanFactory@76f8968f: defining beans [httpClient,com.chenjw.dynacomponent.ComponentManager#0,aliUserService,actorFactory,aliUserDAO]; root of factory hierarchy
1200 INFO  [2014-02-01 01:17:55]  monitor folder : /home/chenjw/my_workspace/spider/aliuser/target/classes/dynamicscript
2694 INFO  [2014-02-01 01:17:56]  ParserContainer(3) reloaded! 
7694 ERROR [2014-02-01 01:18:01]  执行HTTP请求失败
org.apache.http.client.ClientProtocolException
	at org.apache.http.impl.client.AbstractHttpClient.execute(AbstractHttpClient.java:909)
	at org.apache.http.impl.client.AbstractHttpClient.execute(AbstractHttpClient.java:805)
	at com.chenjw.client.impl.SimpleHttpClient.excuteMethod(SimpleHttpClient.java:200)
	at com.chenjw.client.impl.SimpleHttpClient.get(SimpleHttpClient.java:134)
	at com.chenjw.spider.aliuser.impl.DetailActor.getUserInfo(DetailActor.java:25)
	at com.chenjw.spider.aliuser.impl.DetailActor_$$_javassist_5._d0getUserInfo(DetailActor_$$_javassist_5.java)
	at sun.reflect.NativeMethodAccessorImpl.invoke0(Native Method)
	at sun.reflect.NativeMethodAccessorImpl.invoke(NativeMethodAccessorImpl.java:39)
	at sun.reflect.DelegatingMethodAccessorImpl.invoke(DelegatingMethodAccessorImpl.java:25)
	at java.lang.reflect.Method.invoke(Method.java:597)
	at com.chenjw.spider.aliuser.ActorFactory$4.invoke(ActorFactory.java:104)
	at akka.actor.UntypedActor_$$_javassist_4.onReceive(UntypedActor_$$_javassist_4.java)
	at akka.actor.UntypedActor$$anonfun$receive$1.applyOrElse(UntypedActor.scala:167)
	at akka.actor.ActorCell.receiveMessage(ActorCell.scala:498)
	at akka.actor.ActorCell.invoke(ActorCell.scala:456)
	at akka.dispatch.Mailbox.processMailbox(Mailbox.scala:237)
	at akka.dispatch.Mailbox.run(Mailbox.scala:219)
	at akka.dispatch.ForkJoinExecutorConfigurator$AkkaForkJoinTask.exec(AbstractDispatcher.scala:386)
	at scala.concurrent.forkjoin.ForkJoinTask.doExec(ForkJoinTask.java:260)
	at scala.concurrent.forkjoin.ForkJoinPool$WorkQueue.runTask(ForkJoinPool.java:1339)
	at scala.concurrent.forkjoin.ForkJoinPool.runWorker(ForkJoinPool.java:1979)
	at scala.concurrent.forkjoin.ForkJoinWorkerThread.run(ForkJoinWorkerThread.java:107)
Caused by: org.apache.http.client.CircularRedirectException: Circular redirect to 'https://login.alibaba-inc.com/ssoLogin.htm?APP_NAME=EHR&BACK_URL=https%3A%2F%2Fehr.alibaba-inc.com%2Femployee%2F%2FempInfo.htm%3FworkNo%3D1&CONTEXT_PATH=employee'
	at org.apache.http.impl.client.DefaultRedirectStrategy.getLocationURI(DefaultRedirectStrategy.java:183)
	at org.apache.http.impl.client.DefaultRedirectStrategy.getRedirect(DefaultRedirectStrategy.java:217)
	at org.apache.http.impl.client.DefaultRequestDirector.handleResponse(DefaultRequestDirector.java:1105)
	at org.apache.http.impl.client.DefaultRequestDirector.execute(DefaultRequestDirector.java:548)
	at org.apache.http.impl.client.AbstractHttpClient.execute(AbstractHttpClient.java:906)
	... 21 more
12876 ERROR [2014-02-01 01:18:07]  执行HTTP请求失败
org.apache.http.client.ClientProtocolException
	at org.apache.http.impl.client.AbstractHttpClient.execute(AbstractHttpClient.java:909)
	at org.apache.http.impl.client.AbstractHttpClient.execute(AbstractHttpClient.java:805)
	at com.chenjw.client.impl.SimpleHttpClient.excuteMethod(SimpleHttpClient.java:200)
	at com.chenjw.client.impl.SimpleHttpClient.get(SimpleHttpClient.java:134)
	at com.chenjw.spider.aliuser.impl.DetailActor.getUserInfo(DetailActor.java:25)
	at com.chenjw.spider.aliuser.impl.DetailActor_$$_javassist_7._d0getUserInfo(DetailActor_$$_javassist_7.java)
	at sun.reflect.NativeMethodAccessorImpl.invoke0(Native Method)
	at sun.reflect.NativeMethodAccessorImpl.invoke(NativeMethodAccessorImpl.java:39)
	at sun.reflect.DelegatingMethodAccessorImpl.invoke(DelegatingMethodAccessorImpl.java:25)
	at java.lang.reflect.Method.invoke(Method.java:597)
	at com.chenjw.spider.aliuser.ActorFactory$4.invoke(ActorFactory.java:104)
	at akka.actor.UntypedActor_$$_javassist_4.onReceive(UntypedActor_$$_javassist_4.java)
	at akka.actor.UntypedActor$$anonfun$receive$1.applyOrElse(UntypedActor.scala:167)
	at akka.actor.ActorCell.receiveMessage(ActorCell.scala:498)
	at akka.actor.ActorCell.invoke(ActorCell.scala:456)
	at akka.dispatch.Mailbox.processMailbox(Mailbox.scala:237)
	at akka.dispatch.Mailbox.run(Mailbox.scala:219)
	at akka.dispatch.ForkJoinExecutorConfigurator$AkkaForkJoinTask.exec(AbstractDispatcher.scala:386)
	at scala.concurrent.forkjoin.ForkJoinTask.doExec(ForkJoinTask.java:260)
	at scala.concurrent.forkjoin.ForkJoinPool$WorkQueue.runTask(ForkJoinPool.java:1339)
	at scala.concurrent.forkjoin.ForkJoinPool.runWorker(ForkJoinPool.java:1979)
	at scala.concurrent.forkjoin.ForkJoinWorkerThread.run(ForkJoinWorkerThread.java:107)
Caused by: org.apache.http.client.CircularRedirectException: Circular redirect to 'https://login.alibaba-inc.com/ssoLogin.htm?APP_NAME=EHR&BACK_URL=https%3A%2F%2Fehr.alibaba-inc.com%2Femployee%2F%2FempInfo.htm%3FworkNo%3D3&CONTEXT_PATH=employee'
	at org.apache.http.impl.client.DefaultRedirectStrategy.getLocationURI(DefaultRedirectStrategy.java:183)
	at org.apache.http.impl.client.DefaultRedirectStrategy.getRedirect(DefaultRedirectStrategy.java:217)
	at org.apache.http.impl.client.DefaultRequestDirector.handleResponse(DefaultRequestDirector.java:1105)
	at org.apache.http.impl.client.DefaultRequestDirector.execute(DefaultRequestDirector.java:548)
	at org.apache.http.impl.client.AbstractHttpClient.execute(AbstractHttpClient.java:906)
	... 21 more
13828 ERROR [2014-02-01 01:18:07]  执行HTTP请求失败
org.apache.http.client.ClientProtocolException
	at org.apache.http.impl.client.AbstractHttpClient.execute(AbstractHttpClient.java:909)
	at org.apache.http.impl.client.AbstractHttpClient.execute(AbstractHttpClient.java:805)
	at com.chenjw.client.impl.SimpleHttpClient.excuteMethod(SimpleHttpClient.java:200)
	at com.chenjw.client.impl.SimpleHttpClient.get(SimpleHttpClient.java:134)
	at com.chenjw.spider.aliuser.impl.DetailActor.getUserInfo(DetailActor.java:25)
	at com.chenjw.spider.aliuser.impl.DetailActor_$$_javassist_8._d0getUserInfo(DetailActor_$$_javassist_8.java)
	at sun.reflect.NativeMethodAccessorImpl.invoke0(Native Method)
	at sun.reflect.NativeMethodAccessorImpl.invoke(NativeMethodAccessorImpl.java:39)
	at sun.reflect.DelegatingMethodAccessorImpl.invoke(DelegatingMethodAccessorImpl.java:25)
	at java.lang.reflect.Method.invoke(Method.java:597)
	at com.chenjw.spider.aliuser.ActorFactory$4.invoke(ActorFactory.java:104)
	at akka.actor.UntypedActor_$$_javassist_4.onReceive(UntypedActor_$$_javassist_4.java)
	at akka.actor.UntypedActor$$anonfun$receive$1.applyOrElse(UntypedActor.scala:167)
	at akka.actor.ActorCell.receiveMessage(ActorCell.scala:498)
	at akka.actor.ActorCell.invoke(ActorCell.scala:456)
	at akka.dispatch.Mailbox.processMailbox(Mailbox.scala:237)
	at akka.dispatch.Mailbox.run(Mailbox.scala:219)
	at akka.dispatch.ForkJoinExecutorConfigurator$AkkaForkJoinTask.exec(AbstractDispatcher.scala:386)
	at scala.concurrent.forkjoin.ForkJoinTask.doExec(ForkJoinTask.java:260)
	at scala.concurrent.forkjoin.ForkJoinPool$WorkQueue.runTask(ForkJoinPool.java:1339)
	at scala.concurrent.forkjoin.ForkJoinPool.runWorker(ForkJoinPool.java:1979)
	at scala.concurrent.forkjoin.ForkJoinWorkerThread.run(ForkJoinWorkerThread.java:107)
Caused by: org.apache.http.client.CircularRedirectException: Circular redirect to 'https://login.alibaba-inc.com/ssoLogin.htm?APP_NAME=EHR&BACK_URL=https%3A%2F%2Fehr.alibaba-inc.com%2Femployee%2F%2FempInfo.htm%3FworkNo%3D4&CONTEXT_PATH=employee'
	at org.apache.http.impl.client.DefaultRedirectStrategy.getLocationURI(DefaultRedirectStrategy.java:183)
	at org.apache.http.impl.client.DefaultRedirectStrategy.getRedirect(DefaultRedirectStrategy.java:217)
	at org.apache.http.impl.client.DefaultRequestDirector.handleResponse(DefaultRequestDirector.java:1105)
	at org.apache.http.impl.client.DefaultRequestDirector.execute(DefaultRequestDirector.java:548)
	at org.apache.http.impl.client.AbstractHttpClient.execute(AbstractHttpClient.java:906)
	... 21 more
14238 ERROR [2014-02-01 01:18:08]  执行HTTP请求失败
org.apache.http.client.ClientProtocolException
	at org.apache.http.impl.client.AbstractHttpClient.execute(AbstractHttpClient.java:909)
	at org.apache.http.impl.client.AbstractHttpClient.execute(AbstractHttpClient.java:805)
	at com.chenjw.client.impl.SimpleHttpClient.excuteMethod(SimpleHttpClient.java:200)
	at com.chenjw.client.impl.SimpleHttpClient.get(SimpleHttpClient.java:134)
	at com.chenjw.spider.aliuser.impl.DetailActor.getUserInfo(DetailActor.java:25)
	at com.chenjw.spider.aliuser.impl.DetailActor_$$_javassist_9._d0getUserInfo(DetailActor_$$_javassist_9.java)
	at sun.reflect.NativeMethodAccessorImpl.invoke0(Native Method)
	at sun.reflect.NativeMethodAccessorImpl.invoke(NativeMethodAccessorImpl.java:39)
	at sun.reflect.DelegatingMethodAccessorImpl.invoke(DelegatingMethodAccessorImpl.java:25)
	at java.lang.reflect.Method.invoke(Method.java:597)
	at com.chenjw.spider.aliuser.ActorFactory$4.invoke(ActorFactory.java:104)
	at akka.actor.UntypedActor_$$_javassist_4.onReceive(UntypedActor_$$_javassist_4.java)
	at akka.actor.UntypedActor$$anonfun$receive$1.applyOrElse(UntypedActor.scala:167)
	at akka.actor.ActorCell.receiveMessage(ActorCell.scala:498)
	at akka.actor.ActorCell.invoke(ActorCell.scala:456)
	at akka.dispatch.Mailbox.processMailbox(Mailbox.scala:237)
	at akka.dispatch.Mailbox.run(Mailbox.scala:219)
	at akka.dispatch.ForkJoinExecutorConfigurator$AkkaForkJoinTask.exec(AbstractDispatcher.scala:386)
	at scala.concurrent.forkjoin.ForkJoinTask.doExec(ForkJoinTask.java:260)
	at scala.concurrent.forkjoin.ForkJoinPool$WorkQueue.runTask(ForkJoinPool.java:1339)
	at scala.concurrent.forkjoin.ForkJoinPool.runWorker(ForkJoinPool.java:1979)
	at scala.concurrent.forkjoin.ForkJoinWorkerThread.run(ForkJoinWorkerThread.java:107)
Caused by: org.apache.http.client.CircularRedirectException: Circular redirect to 'https://login.alibaba-inc.com/ssoLogin.htm?APP_NAME=EHR&BACK_URL=https%3A%2F%2Fehr.alibaba-inc.com%2Femployee%2F%2FempInfo.htm%3FworkNo%3D5&CONTEXT_PATH=employee'
	at org.apache.http.impl.client.DefaultRedirectStrategy.getLocationURI(DefaultRedirectStrategy.java:183)
	at org.apache.http.impl.client.DefaultRedirectStrategy.getRedirect(DefaultRedirectStrategy.java:217)
	at org.apache.http.impl.client.DefaultRequestDirector.handleResponse(DefaultRequestDirector.java:1105)
	at org.apache.http.impl.client.DefaultRequestDirector.execute(DefaultRequestDirector.java:548)
	at org.apache.http.impl.client.AbstractHttpClient.execute(AbstractHttpClient.java:906)
	... 21 more
14604 ERROR [2014-02-01 01:18:08]  执行HTTP请求失败
org.apache.http.client.ClientProtocolException
	at org.apache.http.impl.client.AbstractHttpClient.execute(AbstractHttpClient.java:909)
	at org.apache.http.impl.client.AbstractHttpClient.execute(AbstractHttpClient.java:805)
	at com.chenjw.client.impl.SimpleHttpClient.excuteMethod(SimpleHttpClient.java:200)
	at com.chenjw.client.impl.SimpleHttpClient.get(SimpleHttpClient.java:134)
	at com.chenjw.spider.aliuser.impl.DetailActor.getUserInfo(DetailActor.java:25)
	at com.chenjw.spider.aliuser.impl.DetailActor_$$_javassist_10._d0getUserInfo(DetailActor_$$_javassist_10.java)
	at sun.reflect.NativeMethodAccessorImpl.invoke0(Native Method)
	at sun.reflect.NativeMethodAccessorImpl.invoke(NativeMethodAccessorImpl.java:39)
	at sun.reflect.DelegatingMethodAccessorImpl.invoke(DelegatingMethodAccessorImpl.java:25)
	at java.lang.reflect.Method.invoke(Method.java:597)
	at com.chenjw.spider.aliuser.ActorFactory$4.invoke(ActorFactory.java:104)
	at akka.actor.UntypedActor_$$_javassist_4.onReceive(UntypedActor_$$_javassist_4.java)
	at akka.actor.UntypedActor$$anonfun$receive$1.applyOrElse(UntypedActor.scala:167)
	at akka.actor.ActorCell.receiveMessage(ActorCell.scala:498)
	at akka.actor.ActorCell.invoke(ActorCell.scala:456)
	at akka.dispatch.Mailbox.processMailbox(Mailbox.scala:237)
	at akka.dispatch.Mailbox.run(Mailbox.scala:219)
	at akka.dispatch.ForkJoinExecutorConfigurator$AkkaForkJoinTask.exec(AbstractDispatcher.scala:386)
	at scala.concurrent.forkjoin.ForkJoinTask.doExec(ForkJoinTask.java:260)
	at scala.concurrent.forkjoin.ForkJoinPool$WorkQueue.runTask(ForkJoinPool.java:1339)
	at scala.concurrent.forkjoin.ForkJoinPool.runWorker(ForkJoinPool.java:1979)
	at scala.concurrent.forkjoin.ForkJoinWorkerThread.run(ForkJoinWorkerThread.java:107)
Caused by: org.apache.http.client.CircularRedirectException: Circular redirect to 'https://login.alibaba-inc.com/ssoLogin.htm?APP_NAME=EHR&BACK_URL=https%3A%2F%2Fehr.alibaba-inc.com%2Femployee%2F%2FempInfo.htm%3FworkNo%3D6&CONTEXT_PATH=employee'
	at org.apache.http.impl.client.DefaultRedirectStrategy.getLocationURI(DefaultRedirectStrategy.java:183)
	at org.apache.http.impl.client.DefaultRedirectStrategy.getRedirect(DefaultRedirectStrategy.java:217)
	at org.apache.http.impl.client.DefaultRequestDirector.handleResponse(DefaultRequestDirector.java:1105)
	at org.apache.http.impl.client.DefaultRequestDirector.execute(DefaultRequestDirector.java:548)
	at org.apache.http.impl.client.AbstractHttpClient.execute(AbstractHttpClient.java:906)
	... 21 more
15042 ERROR [2014-02-01 01:18:09]  执行HTTP请求失败
org.apache.http.client.ClientProtocolException
	at org.apache.http.impl.client.AbstractHttpClient.execute(AbstractHttpClient.java:909)
	at org.apache.http.impl.client.AbstractHttpClient.execute(AbstractHttpClient.java:805)
	at com.chenjw.client.impl.SimpleHttpClient.excuteMethod(SimpleHttpClient.java:200)
	at com.chenjw.client.impl.SimpleHttpClient.get(SimpleHttpClient.java:134)
	at com.chenjw.spider.aliuser.impl.DetailActor.getUserInfo(DetailActor.java:25)
	at com.chenjw.spider.aliuser.impl.DetailActor_$$_javassist_11._d0getUserInfo(DetailActor_$$_javassist_11.java)
	at sun.reflect.NativeMethodAccessorImpl.invoke0(Native Method)
	at sun.reflect.NativeMethodAccessorImpl.invoke(NativeMethodAccessorImpl.java:39)
	at sun.reflect.DelegatingMethodAccessorImpl.invoke(DelegatingMethodAccessorImpl.java:25)
	at java.lang.reflect.Method.invoke(Method.java:597)
	at com.chenjw.spider.aliuser.ActorFactory$4.invoke(ActorFactory.java:104)
	at akka.actor.UntypedActor_$$_javassist_4.onReceive(UntypedActor_$$_javassist_4.java)
	at akka.actor.UntypedActor$$anonfun$receive$1.applyOrElse(UntypedActor.scala:167)
	at akka.actor.ActorCell.receiveMessage(ActorCell.scala:498)
	at akka.actor.ActorCell.invoke(ActorCell.scala:456)
	at akka.dispatch.Mailbox.processMailbox(Mailbox.scala:237)
	at akka.dispatch.Mailbox.run(Mailbox.scala:219)
	at akka.dispatch.ForkJoinExecutorConfigurator$AkkaForkJoinTask.exec(AbstractDispatcher.scala:386)
	at scala.concurrent.forkjoin.ForkJoinTask.doExec(ForkJoinTask.java:260)
	at scala.concurrent.forkjoin.ForkJoinPool$WorkQueue.runTask(ForkJoinPool.java:1339)
	at scala.concurrent.forkjoin.ForkJoinPool.runWorker(ForkJoinPool.java:1979)
	at scala.concurrent.forkjoin.ForkJoinWorkerThread.run(ForkJoinWorkerThread.java:107)
Caused by: org.apache.http.client.CircularRedirectException: Circular redirect to 'https://login.alibaba-inc.com/ssoLogin.htm?APP_NAME=EHR&BACK_URL=https%3A%2F%2Fehr.alibaba-inc.com%2Femployee%2F%2FempInfo.htm%3FworkNo%3D7&CONTEXT_PATH=employee'
	at org.apache.http.impl.client.DefaultRedirectStrategy.getLocationURI(DefaultRedirectStrategy.java:183)
	at org.apache.http.impl.client.DefaultRedirectStrategy.getRedirect(DefaultRedirectStrategy.java:217)
	at org.apache.http.impl.client.DefaultRequestDirector.handleResponse(DefaultRequestDirector.java:1105)
	at org.apache.http.impl.client.DefaultRequestDirector.execute(DefaultRequestDirector.java:548)
	at org.apache.http.impl.client.AbstractHttpClient.execute(AbstractHttpClient.java:906)
	... 21 more
15992 ERROR [2014-02-01 01:18:10]  执行HTTP请求失败
org.apache.http.client.ClientProtocolException
	at org.apache.http.impl.client.AbstractHttpClient.execute(AbstractHttpClient.java:909)
	at org.apache.http.impl.client.AbstractHttpClient.execute(AbstractHttpClient.java:805)
	at com.chenjw.client.impl.SimpleHttpClient.excuteMethod(SimpleHttpClient.java:200)
	at com.chenjw.client.impl.SimpleHttpClient.get(SimpleHttpClient.java:134)
	at com.chenjw.spider.aliuser.impl.DetailActor.getUserInfo(DetailActor.java:25)
	at com.chenjw.spider.aliuser.impl.DetailActor_$$_javassist_12._d0getUserInfo(DetailActor_$$_javassist_12.java)
	at sun.reflect.NativeMethodAccessorImpl.invoke0(Native Method)
	at sun.reflect.NativeMethodAccessorImpl.invoke(NativeMethodAccessorImpl.java:39)
	at sun.reflect.DelegatingMethodAccessorImpl.invoke(DelegatingMethodAccessorImpl.java:25)
	at java.lang.reflect.Method.invoke(Method.java:597)
	at com.chenjw.spider.aliuser.ActorFactory$4.invoke(ActorFactory.java:104)
	at akka.actor.UntypedActor_$$_javassist_4.onReceive(UntypedActor_$$_javassist_4.java)
	at akka.actor.UntypedActor$$anonfun$receive$1.applyOrElse(UntypedActor.scala:167)
	at akka.actor.ActorCell.receiveMessage(ActorCell.scala:498)
	at akka.actor.ActorCell.invoke(ActorCell.scala:456)
	at akka.dispatch.Mailbox.processMailbox(Mailbox.scala:237)
	at akka.dispatch.Mailbox.run(Mailbox.scala:219)
	at akka.dispatch.ForkJoinExecutorConfigurator$AkkaForkJoinTask.exec(AbstractDispatcher.scala:386)
	at scala.concurrent.forkjoin.ForkJoinTask.doExec(ForkJoinTask.java:260)
	at scala.concurrent.forkjoin.ForkJoinPool$WorkQueue.runTask(ForkJoinPool.java:1339)
	at scala.concurrent.forkjoin.ForkJoinPool.runWorker(ForkJoinPool.java:1979)
	at scala.concurrent.forkjoin.ForkJoinWorkerThread.run(ForkJoinWorkerThread.java:107)
Caused by: org.apache.http.client.CircularRedirectException: Circular redirect to 'https://login.alibaba-inc.com/ssoLogin.htm?APP_NAME=EHR&BACK_URL=https%3A%2F%2Fehr.alibaba-inc.com%2Femployee%2F%2FempInfo.htm%3FworkNo%3D8&CONTEXT_PATH=employee'
	at org.apache.http.impl.client.DefaultRedirectStrategy.getLocationURI(DefaultRedirectStrategy.java:183)
	at org.apache.http.impl.client.DefaultRedirectStrategy.getRedirect(DefaultRedirectStrategy.java:217)
	at org.apache.http.impl.client.DefaultRequestDirector.handleResponse(DefaultRequestDirector.java:1105)
	at org.apache.http.impl.client.DefaultRequestDirector.execute(DefaultRequestDirector.java:548)
	at org.apache.http.impl.client.AbstractHttpClient.execute(AbstractHttpClient.java:906)
	... 21 more
16640 ERROR [2014-02-01 01:18:10]  执行HTTP请求失败
org.apache.http.client.ClientProtocolException
	at org.apache.http.impl.client.AbstractHttpClient.execute(AbstractHttpClient.java:909)
	at org.apache.http.impl.client.AbstractHttpClient.execute(AbstractHttpClient.java:805)
	at com.chenjw.client.impl.SimpleHttpClient.excuteMethod(SimpleHttpClient.java:200)
	at com.chenjw.client.impl.SimpleHttpClient.get(SimpleHttpClient.java:134)
	at com.chenjw.spider.aliuser.impl.DetailActor.getUserInfo(DetailActor.java:25)
	at com.chenjw.spider.aliuser.impl.DetailActor_$$_javassist_13._d0getUserInfo(DetailActor_$$_javassist_13.java)
	at sun.reflect.NativeMethodAccessorImpl.invoke0(Native Method)
	at sun.reflect.NativeMethodAccessorImpl.invoke(NativeMethodAccessorImpl.java:39)
	at sun.reflect.DelegatingMethodAccessorImpl.invoke(DelegatingMethodAccessorImpl.java:25)
	at java.lang.reflect.Method.invoke(Method.java:597)
	at com.chenjw.spider.aliuser.ActorFactory$4.invoke(ActorFactory.java:104)
	at akka.actor.UntypedActor_$$_javassist_4.onReceive(UntypedActor_$$_javassist_4.java)
	at akka.actor.UntypedActor$$anonfun$receive$1.applyOrElse(UntypedActor.scala:167)
	at akka.actor.ActorCell.receiveMessage(ActorCell.scala:498)
	at akka.actor.ActorCell.invoke(ActorCell.scala:456)
	at akka.dispatch.Mailbox.processMailbox(Mailbox.scala:237)
	at akka.dispatch.Mailbox.run(Mailbox.scala:219)
	at akka.dispatch.ForkJoinExecutorConfigurator$AkkaForkJoinTask.exec(AbstractDispatcher.scala:386)
	at scala.concurrent.forkjoin.ForkJoinTask.doExec(ForkJoinTask.java:260)
	at scala.concurrent.forkjoin.ForkJoinPool$WorkQueue.runTask(ForkJoinPool.java:1339)
	at scala.concurrent.forkjoin.ForkJoinPool.runWorker(ForkJoinPool.java:1979)
	at scala.concurrent.forkjoin.ForkJoinWorkerThread.run(ForkJoinWorkerThread.java:107)
Caused by: org.apache.http.client.CircularRedirectException: Circular redirect to 'https://login.alibaba-inc.com/ssoLogin.htm?APP_NAME=EHR&BACK_URL=https%3A%2F%2Fehr.alibaba-inc.com%2Femployee%2F%2FempInfo.htm%3FworkNo%3D9&CONTEXT_PATH=employee'
	at org.apache.http.impl.client.DefaultRedirectStrategy.getLocationURI(DefaultRedirectStrategy.java:183)
	at org.apache.http.impl.client.DefaultRedirectStrategy.getRedirect(DefaultRedirectStrategy.java:217)
	at org.apache.http.impl.client.DefaultRequestDirector.handleResponse(DefaultRequestDirector.java:1105)
	at org.apache.http.impl.client.DefaultRequestDirector.execute(DefaultRequestDirector.java:548)
	at org.apache.http.impl.client.AbstractHttpClient.execute(AbstractHttpClient.java:906)
	... 21 more
17668 ERROR [2014-02-01 01:18:11]  执行HTTP请求失败
org.apache.http.client.ClientProtocolException
	at org.apache.http.impl.client.AbstractHttpClient.execute(AbstractHttpClient.java:909)
	at org.apache.http.impl.client.AbstractHttpClient.execute(AbstractHttpClient.java:805)
	at com.chenjw.client.impl.SimpleHttpClient.excuteMethod(SimpleHttpClient.java:200)
	at com.chenjw.client.impl.SimpleHttpClient.get(SimpleHttpClient.java:134)
	at com.chenjw.spider.aliuser.impl.DetailActor.getUserInfo(DetailActor.java:25)
	at com.chenjw.spider.aliuser.impl.DetailActor_$$_javassist_14._d0getUserInfo(DetailActor_$$_javassist_14.java)
	at sun.reflect.NativeMethodAccessorImpl.invoke0(Native Method)
	at sun.reflect.NativeMethodAccessorImpl.invoke(NativeMethodAccessorImpl.java:39)
	at sun.reflect.DelegatingMethodAccessorImpl.invoke(DelegatingMethodAccessorImpl.java:25)
	at java.lang.reflect.Method.invoke(Method.java:597)
	at com.chenjw.spider.aliuser.ActorFactory$4.invoke(ActorFactory.java:104)
	at akka.actor.UntypedActor_$$_javassist_4.onReceive(UntypedActor_$$_javassist_4.java)
	at akka.actor.UntypedActor$$anonfun$receive$1.applyOrElse(UntypedActor.scala:167)
	at akka.actor.ActorCell.receiveMessage(ActorCell.scala:498)
	at akka.actor.ActorCell.invoke(ActorCell.scala:456)
	at akka.dispatch.Mailbox.processMailbox(Mailbox.scala:237)
	at akka.dispatch.Mailbox.run(Mailbox.scala:219)
	at akka.dispatch.ForkJoinExecutorConfigurator$AkkaForkJoinTask.exec(AbstractDispatcher.scala:386)
	at scala.concurrent.forkjoin.ForkJoinTask.doExec(ForkJoinTask.java:260)
	at scala.concurrent.forkjoin.ForkJoinPool$WorkQueue.runTask(ForkJoinPool.java:1339)
	at scala.concurrent.forkjoin.ForkJoinPool.runWorker(ForkJoinPool.java:1979)
	at scala.concurrent.forkjoin.ForkJoinWorkerThread.run(ForkJoinWorkerThread.java:107)
Caused by: org.apache.http.client.CircularRedirectException: Circular redirect to 'https://login.alibaba-inc.com/ssoLogin.htm?APP_NAME=EHR&BACK_URL=https%3A%2F%2Fehr.alibaba-inc.com%2Femployee%2F%2FempInfo.htm%3FworkNo%3D10&CONTEXT_PATH=employee'
	at org.apache.http.impl.client.DefaultRedirectStrategy.getLocationURI(DefaultRedirectStrategy.java:183)
	at org.apache.http.impl.client.DefaultRedirectStrategy.getRedirect(DefaultRedirectStrategy.java:217)
	at org.apache.http.impl.client.DefaultRequestDirector.handleResponse(DefaultRequestDirector.java:1105)
	at org.apache.http.impl.client.DefaultRequestDirector.execute(DefaultRequestDirector.java:548)
	at org.apache.http.impl.client.AbstractHttpClient.execute(AbstractHttpClient.java:906)
	... 21 more
18544 ERROR [2014-02-01 01:18:12]  执行HTTP请求失败
org.apache.http.client.ClientProtocolException
	at org.apache.http.impl.client.AbstractHttpClient.execute(AbstractHttpClient.java:909)
	at org.apache.http.impl.client.AbstractHttpClient.execute(AbstractHttpClient.java:805)
	at com.chenjw.client.impl.SimpleHttpClient.excuteMethod(SimpleHttpClient.java:200)
	at com.chenjw.client.impl.SimpleHttpClient.get(SimpleHttpClient.java:134)
	at com.chenjw.spider.aliuser.impl.DetailActor.getUserInfo(DetailActor.java:25)
	at com.chenjw.spider.aliuser.impl.DetailActor_$$_javassist_15._d0getUserInfo(DetailActor_$$_javassist_15.java)
	at sun.reflect.NativeMethodAccessorImpl.invoke0(Native Method)
	at sun.reflect.NativeMethodAccessorImpl.invoke(NativeMethodAccessorImpl.java:39)
	at sun.reflect.DelegatingMethodAccessorImpl.invoke(DelegatingMethodAccessorImpl.java:25)
	at java.lang.reflect.Method.invoke(Method.java:597)
	at com.chenjw.spider.aliuser.ActorFactory$4.invoke(ActorFactory.java:104)
	at akka.actor.UntypedActor_$$_javassist_4.onReceive(UntypedActor_$$_javassist_4.java)
	at akka.actor.UntypedActor$$anonfun$receive$1.applyOrElse(UntypedActor.scala:167)
	at akka.actor.ActorCell.receiveMessage(ActorCell.scala:498)
	at akka.actor.ActorCell.invoke(ActorCell.scala:456)
	at akka.dispatch.Mailbox.processMailbox(Mailbox.scala:237)
	at akka.dispatch.Mailbox.run(Mailbox.scala:219)
	at akka.dispatch.ForkJoinExecutorConfigurator$AkkaForkJoinTask.exec(AbstractDispatcher.scala:386)
	at scala.concurrent.forkjoin.ForkJoinTask.doExec(ForkJoinTask.java:260)
	at scala.concurrent.forkjoin.ForkJoinPool$WorkQueue.runTask(ForkJoinPool.java:1339)
	at scala.concurrent.forkjoin.ForkJoinPool.runWorker(ForkJoinPool.java:1979)
	at scala.concurrent.forkjoin.ForkJoinWorkerThread.run(ForkJoinWorkerThread.java:107)
Caused by: org.apache.http.client.CircularRedirectException: Circular redirect to 'https://login.alibaba-inc.com/ssoLogin.htm?APP_NAME=EHR&BACK_URL=https%3A%2F%2Fehr.alibaba-inc.com%2Femployee%2F%2FempInfo.htm%3FworkNo%3D11&CONTEXT_PATH=employee'
	at org.apache.http.impl.client.DefaultRedirectStrategy.getLocationURI(DefaultRedirectStrategy.java:183)
	at org.apache.http.impl.client.DefaultRedirectStrategy.getRedirect(DefaultRedirectStrategy.java:217)
	at org.apache.http.impl.client.DefaultRequestDirector.handleResponse(DefaultRequestDirector.java:1105)
	at org.apache.http.impl.client.DefaultRequestDirector.execute(DefaultRequestDirector.java:548)
	at org.apache.http.impl.client.AbstractHttpClient.execute(AbstractHttpClient.java:906)
	... 21 more
21212 ERROR [2014-02-01 01:18:15]  执行HTTP请求失败
org.apache.http.client.ClientProtocolException
	at org.apache.http.impl.client.AbstractHttpClient.execute(AbstractHttpClient.java:909)
	at org.apache.http.impl.client.AbstractHttpClient.execute(AbstractHttpClient.java:805)
	at com.chenjw.client.impl.SimpleHttpClient.excuteMethod(SimpleHttpClient.java:200)
	at com.chenjw.client.impl.SimpleHttpClient.get(SimpleHttpClient.java:134)
	at com.chenjw.spider.aliuser.impl.DetailActor.getUserInfo(DetailActor.java:25)
	at com.chenjw.spider.aliuser.impl.DetailActor_$$_javassist_16._d0getUserInfo(DetailActor_$$_javassist_16.java)
	at sun.reflect.NativeMethodAccessorImpl.invoke0(Native Method)
	at sun.reflect.NativeMethodAccessorImpl.invoke(NativeMethodAccessorImpl.java:39)
	at sun.reflect.DelegatingMethodAccessorImpl.invoke(DelegatingMethodAccessorImpl.java:25)
	at java.lang.reflect.Method.invoke(Method.java:597)
	at com.chenjw.spider.aliuser.ActorFactory$4.invoke(ActorFactory.java:104)
	at akka.actor.UntypedActor_$$_javassist_4.onReceive(UntypedActor_$$_javassist_4.java)
	at akka.actor.UntypedActor$$anonfun$receive$1.applyOrElse(UntypedActor.scala:167)
	at akka.actor.ActorCell.receiveMessage(ActorCell.scala:498)
	at akka.actor.ActorCell.invoke(ActorCell.scala:456)
	at akka.dispatch.Mailbox.processMailbox(Mailbox.scala:237)
	at akka.dispatch.Mailbox.run(Mailbox.scala:219)
	at akka.dispatch.ForkJoinExecutorConfigurator$AkkaForkJoinTask.exec(AbstractDispatcher.scala:386)
	at scala.concurrent.forkjoin.ForkJoinTask.doExec(ForkJoinTask.java:260)
	at scala.concurrent.forkjoin.ForkJoinPool$WorkQueue.runTask(ForkJoinPool.java:1339)
	at scala.concurrent.forkjoin.ForkJoinPool.runWorker(ForkJoinPool.java:1979)
	at scala.concurrent.forkjoin.ForkJoinWorkerThread.run(ForkJoinWorkerThread.java:107)
Caused by: org.apache.http.client.CircularRedirectException: Circular redirect to 'https://login.alibaba-inc.com/ssoLogin.htm?APP_NAME=EHR&BACK_URL=https%3A%2F%2Fehr.alibaba-inc.com%2Femployee%2F%2FempInfo.htm%3FworkNo%3D12&CONTEXT_PATH=employee'
	at org.apache.http.impl.client.DefaultRedirectStrategy.getLocationURI(DefaultRedirectStrategy.java:183)
	at org.apache.http.impl.client.DefaultRedirectStrategy.getRedirect(DefaultRedirectStrategy.java:217)
	at org.apache.http.impl.client.DefaultRequestDirector.handleResponse(DefaultRequestDirector.java:1105)
	at org.apache.http.impl.client.DefaultRequestDirector.execute(DefaultRequestDirector.java:548)
	at org.apache.http.impl.client.AbstractHttpClient.execute(AbstractHttpClient.java:906)
	... 21 more
0    INFO  [2014-02-01 01:19:08]  Refreshing org.springframework.context.support.ClassPathXmlApplicationContext@fd7ad1c: display name [org.springframework.context.support.ClassPathXmlApplicationContext@fd7ad1c]; startup date [Sat Feb 01 01:19:08 CST 2014]; root of context hierarchy
84   INFO  [2014-02-01 01:19:08]  Loading XML bean definitions from class path resource [bean/main.xml]
242  INFO  [2014-02-01 01:19:08]  Loading XML bean definitions from class path resource [bean/common.xml]
353  INFO  [2014-02-01 01:19:08]  Loading XML bean definitions from class path resource [bean/aliuser.xml]
375  INFO  [2014-02-01 01:19:08]  Bean factory for application context [org.springframework.context.support.ClassPathXmlApplicationContext@fd7ad1c]: org.springframework.beans.factory.support.DefaultListableBeanFactory@2efb56b1
400  INFO  [2014-02-01 01:19:08]  Pre-instantiating singletons in org.springframework.beans.factory.support.DefaultListableBeanFactory@2efb56b1: defining beans [httpClient,com.chenjw.dynacomponent.ComponentManager#0,aliUserService,actorFactory,aliUserDAO]; root of factory hierarchy
1281 INFO  [2014-02-01 01:19:09]  monitor folder : /home/chenjw/my_workspace/spider/aliuser/target/classes/dynamicscript
2720 INFO  [2014-02-01 01:19:10]  ParserContainer(3) reloaded! 
6659 ERROR [2014-02-01 01:19:14]  执行HTTP请求失败
org.apache.http.client.ClientProtocolException
	at org.apache.http.impl.client.AbstractHttpClient.execute(AbstractHttpClient.java:909)
	at org.apache.http.impl.client.AbstractHttpClient.execute(AbstractHttpClient.java:805)
	at com.chenjw.client.impl.SimpleHttpClient.excuteMethod(SimpleHttpClient.java:200)
	at com.chenjw.client.impl.SimpleHttpClient.get(SimpleHttpClient.java:134)
	at com.chenjw.spider.aliuser.impl.DetailActor.getUserInfo(DetailActor.java:25)
	at com.chenjw.spider.aliuser.impl.DetailActor_$$_javassist_5._d0getUserInfo(DetailActor_$$_javassist_5.java)
	at sun.reflect.NativeMethodAccessorImpl.invoke0(Native Method)
	at sun.reflect.NativeMethodAccessorImpl.invoke(NativeMethodAccessorImpl.java:39)
	at sun.reflect.DelegatingMethodAccessorImpl.invoke(DelegatingMethodAccessorImpl.java:25)
	at java.lang.reflect.Method.invoke(Method.java:597)
	at com.chenjw.spider.aliuser.ActorFactory$4.invoke(ActorFactory.java:104)
	at akka.actor.UntypedActor_$$_javassist_4.onReceive(UntypedActor_$$_javassist_4.java)
	at akka.actor.UntypedActor$$anonfun$receive$1.applyOrElse(UntypedActor.scala:167)
	at akka.actor.ActorCell.receiveMessage(ActorCell.scala:498)
	at akka.actor.ActorCell.invoke(ActorCell.scala:456)
	at akka.dispatch.Mailbox.processMailbox(Mailbox.scala:237)
	at akka.dispatch.Mailbox.run(Mailbox.scala:219)
	at akka.dispatch.ForkJoinExecutorConfigurator$AkkaForkJoinTask.exec(AbstractDispatcher.scala:386)
	at scala.concurrent.forkjoin.ForkJoinTask.doExec(ForkJoinTask.java:260)
	at scala.concurrent.forkjoin.ForkJoinPool$WorkQueue.runTask(ForkJoinPool.java:1339)
	at scala.concurrent.forkjoin.ForkJoinPool.runWorker(ForkJoinPool.java:1979)
	at scala.concurrent.forkjoin.ForkJoinWorkerThread.run(ForkJoinWorkerThread.java:107)
Caused by: org.apache.http.client.CircularRedirectException: Circular redirect to 'https://login.alibaba-inc.com/ssoLogin.htm?APP_NAME=EHR&BACK_URL=https%3A%2F%2Fehr.alibaba-inc.com%2Femployee%2F%2FempInfo.htm%3FworkNo%3D1&CONTEXT_PATH=employee'
	at org.apache.http.impl.client.DefaultRedirectStrategy.getLocationURI(DefaultRedirectStrategy.java:183)
	at org.apache.http.impl.client.DefaultRedirectStrategy.getRedirect(DefaultRedirectStrategy.java:217)
	at org.apache.http.impl.client.DefaultRequestDirector.handleResponse(DefaultRequestDirector.java:1105)
	at org.apache.http.impl.client.DefaultRequestDirector.execute(DefaultRequestDirector.java:548)
	at org.apache.http.impl.client.AbstractHttpClient.execute(AbstractHttpClient.java:906)
	... 21 more
10824 ERROR [2014-02-01 01:19:18]  执行HTTP请求失败
org.apache.http.client.ClientProtocolException
	at org.apache.http.impl.client.AbstractHttpClient.execute(AbstractHttpClient.java:909)
	at org.apache.http.impl.client.AbstractHttpClient.execute(AbstractHttpClient.java:805)
	at com.chenjw.client.impl.SimpleHttpClient.excuteMethod(SimpleHttpClient.java:200)
	at com.chenjw.client.impl.SimpleHttpClient.get(SimpleHttpClient.java:134)
	at com.chenjw.spider.aliuser.impl.DetailActor.getUserInfo(DetailActor.java:25)
	at com.chenjw.spider.aliuser.impl.DetailActor_$$_javassist_12._d0getUserInfo(DetailActor_$$_javassist_12.java)
	at sun.reflect.NativeMethodAccessorImpl.invoke0(Native Method)
	at sun.reflect.NativeMethodAccessorImpl.invoke(NativeMethodAccessorImpl.java:39)
	at sun.reflect.DelegatingMethodAccessorImpl.invoke(DelegatingMethodAccessorImpl.java:25)
	at java.lang.reflect.Method.invoke(Method.java:597)
	at com.chenjw.spider.aliuser.ActorFactory$4.invoke(ActorFactory.java:104)
	at akka.actor.UntypedActor_$$_javassist_4.onReceive(UntypedActor_$$_javassist_4.java)
	at akka.actor.UntypedActor$$anonfun$receive$1.applyOrElse(UntypedActor.scala:167)
	at akka.actor.ActorCell.receiveMessage(ActorCell.scala:498)
	at akka.actor.ActorCell.invoke(ActorCell.scala:456)
	at akka.dispatch.Mailbox.processMailbox(Mailbox.scala:237)
	at akka.dispatch.Mailbox.run(Mailbox.scala:219)
	at akka.dispatch.ForkJoinExecutorConfigurator$AkkaForkJoinTask.exec(AbstractDispatcher.scala:386)
	at scala.concurrent.forkjoin.ForkJoinTask.doExec(ForkJoinTask.java:260)
	at scala.concurrent.forkjoin.ForkJoinPool$WorkQueue.runTask(ForkJoinPool.java:1339)
	at scala.concurrent.forkjoin.ForkJoinPool.runWorker(ForkJoinPool.java:1979)
	at scala.concurrent.forkjoin.ForkJoinWorkerThread.run(ForkJoinWorkerThread.java:107)
Caused by: org.apache.http.client.CircularRedirectException: Circular redirect to 'https://login.alibaba-inc.com/ssoLogin.htm?APP_NAME=EHR&BACK_URL=https%3A%2F%2Fehr.alibaba-inc.com%2Femployee%2F%2FempInfo.htm%3FworkNo%3D8&CONTEXT_PATH=employee'
	at org.apache.http.impl.client.DefaultRedirectStrategy.getLocationURI(DefaultRedirectStrategy.java:183)
	at org.apache.http.impl.client.DefaultRedirectStrategy.getRedirect(DefaultRedirectStrategy.java:217)
	at org.apache.http.impl.client.DefaultRequestDirector.handleResponse(DefaultRequestDirector.java:1105)
	at org.apache.http.impl.client.DefaultRequestDirector.execute(DefaultRequestDirector.java:548)
	at org.apache.http.impl.client.AbstractHttpClient.execute(AbstractHttpClient.java:906)
	... 21 more
11188 ERROR [2014-02-01 01:19:19]  执行HTTP请求失败
org.apache.http.client.ClientProtocolException
	at org.apache.http.impl.client.AbstractHttpClient.execute(AbstractHttpClient.java:909)
	at org.apache.http.impl.client.AbstractHttpClient.execute(AbstractHttpClient.java:805)
	at com.chenjw.client.impl.SimpleHttpClient.excuteMethod(SimpleHttpClient.java:200)
	at com.chenjw.client.impl.SimpleHttpClient.get(SimpleHttpClient.java:134)
	at com.chenjw.spider.aliuser.impl.DetailActor.getUserInfo(DetailActor.java:25)
	at com.chenjw.spider.aliuser.impl.DetailActor_$$_javassist_11._d0getUserInfo(DetailActor_$$_javassist_11.java)
	at sun.reflect.NativeMethodAccessorImpl.invoke0(Native Method)
	at sun.reflect.NativeMethodAccessorImpl.invoke(NativeMethodAccessorImpl.java:39)
	at sun.reflect.DelegatingMethodAccessorImpl.invoke(DelegatingMethodAccessorImpl.java:25)
	at java.lang.reflect.Method.invoke(Method.java:597)
	at com.chenjw.spider.aliuser.ActorFactory$4.invoke(ActorFactory.java:104)
	at akka.actor.UntypedActor_$$_javassist_4.onReceive(UntypedActor_$$_javassist_4.java)
	at akka.actor.UntypedActor$$anonfun$receive$1.applyOrElse(UntypedActor.scala:167)
	at akka.actor.ActorCell.receiveMessage(ActorCell.scala:498)
	at akka.actor.ActorCell.invoke(ActorCell.scala:456)
	at akka.dispatch.Mailbox.processMailbox(Mailbox.scala:237)
	at akka.dispatch.Mailbox.run(Mailbox.scala:219)
	at akka.dispatch.ForkJoinExecutorConfigurator$AkkaForkJoinTask.exec(AbstractDispatcher.scala:386)
	at scala.concurrent.forkjoin.ForkJoinTask.doExec(ForkJoinTask.java:260)
	at scala.concurrent.forkjoin.ForkJoinPool$WorkQueue.runTask(ForkJoinPool.java:1339)
	at scala.concurrent.forkjoin.ForkJoinPool.runWorker(ForkJoinPool.java:1979)
	at scala.concurrent.forkjoin.ForkJoinWorkerThread.run(ForkJoinWorkerThread.java:107)
Caused by: org.apache.http.client.CircularRedirectException: Circular redirect to 'https://login.alibaba-inc.com/ssoLogin.htm?APP_NAME=EHR&BACK_URL=https%3A%2F%2Fehr.alibaba-inc.com%2Femployee%2F%2FempInfo.htm%3FworkNo%3D7&CONTEXT_PATH=employee'
	at org.apache.http.impl.client.DefaultRedirectStrategy.getLocationURI(DefaultRedirectStrategy.java:183)
	at org.apache.http.impl.client.DefaultRedirectStrategy.getRedirect(DefaultRedirectStrategy.java:217)
	at org.apache.http.impl.client.DefaultRequestDirector.handleResponse(DefaultRequestDirector.java:1105)
	at org.apache.http.impl.client.DefaultRequestDirector.execute(DefaultRequestDirector.java:548)
	at org.apache.http.impl.client.AbstractHttpClient.execute(AbstractHttpClient.java:906)
	... 21 more
12309 ERROR [2014-02-01 01:19:20]  执行HTTP请求失败
org.apache.http.client.ClientProtocolException
	at org.apache.http.impl.client.AbstractHttpClient.execute(AbstractHttpClient.java:909)
	at org.apache.http.impl.client.AbstractHttpClient.execute(AbstractHttpClient.java:805)
	at com.chenjw.client.impl.SimpleHttpClient.excuteMethod(SimpleHttpClient.java:200)
	at com.chenjw.client.impl.SimpleHttpClient.get(SimpleHttpClient.java:134)
	at com.chenjw.spider.aliuser.impl.DetailActor.getUserInfo(DetailActor.java:25)
	at com.chenjw.spider.aliuser.impl.DetailActor_$$_javassist_13._d0getUserInfo(DetailActor_$$_javassist_13.java)
	at sun.reflect.NativeMethodAccessorImpl.invoke0(Native Method)
	at sun.reflect.NativeMethodAccessorImpl.invoke(NativeMethodAccessorImpl.java:39)
	at sun.reflect.DelegatingMethodAccessorImpl.invoke(DelegatingMethodAccessorImpl.java:25)
	at java.lang.reflect.Method.invoke(Method.java:597)
	at com.chenjw.spider.aliuser.ActorFactory$4.invoke(ActorFactory.java:104)
	at akka.actor.UntypedActor_$$_javassist_4.onReceive(UntypedActor_$$_javassist_4.java)
	at akka.actor.UntypedActor$$anonfun$receive$1.applyOrElse(UntypedActor.scala:167)
	at akka.actor.ActorCell.receiveMessage(ActorCell.scala:498)
	at akka.actor.ActorCell.invoke(ActorCell.scala:456)
	at akka.dispatch.Mailbox.processMailbox(Mailbox.scala:237)
	at akka.dispatch.Mailbox.run(Mailbox.scala:219)
	at akka.dispatch.ForkJoinExecutorConfigurator$AkkaForkJoinTask.exec(AbstractDispatcher.scala:386)
	at scala.concurrent.forkjoin.ForkJoinTask.doExec(ForkJoinTask.java:260)
	at scala.concurrent.forkjoin.ForkJoinPool$WorkQueue.runTask(ForkJoinPool.java:1339)
	at scala.concurrent.forkjoin.ForkJoinPool.runWorker(ForkJoinPool.java:1979)
	at scala.concurrent.forkjoin.ForkJoinWorkerThread.run(ForkJoinWorkerThread.java:107)
Caused by: org.apache.http.client.CircularRedirectException: Circular redirect to 'https://login.alibaba-inc.com/ssoLogin.htm?APP_NAME=EHR&BACK_URL=https%3A%2F%2Fehr.alibaba-inc.com%2Femployee%2F%2FempInfo.htm%3FworkNo%3D9&CONTEXT_PATH=employee'
	at org.apache.http.impl.client.DefaultRedirectStrategy.getLocationURI(DefaultRedirectStrategy.java:183)
	at org.apache.http.impl.client.DefaultRedirectStrategy.getRedirect(DefaultRedirectStrategy.java:217)
	at org.apache.http.impl.client.DefaultRequestDirector.handleResponse(DefaultRequestDirector.java:1105)
	at org.apache.http.impl.client.DefaultRequestDirector.execute(DefaultRequestDirector.java:548)
	at org.apache.http.impl.client.AbstractHttpClient.execute(AbstractHttpClient.java:906)
	... 21 more
12934 ERROR [2014-02-01 01:19:20]  执行HTTP请求失败
org.apache.http.client.ClientProtocolException
	at org.apache.http.impl.client.AbstractHttpClient.execute(AbstractHttpClient.java:909)
	at org.apache.http.impl.client.AbstractHttpClient.execute(AbstractHttpClient.java:805)
	at com.chenjw.client.impl.SimpleHttpClient.excuteMethod(SimpleHttpClient.java:200)
	at com.chenjw.client.impl.SimpleHttpClient.get(SimpleHttpClient.java:134)
	at com.chenjw.spider.aliuser.impl.DetailActor.getUserInfo(DetailActor.java:25)
	at com.chenjw.spider.aliuser.impl.DetailActor_$$_javassist_14._d0getUserInfo(DetailActor_$$_javassist_14.java)
	at sun.reflect.NativeMethodAccessorImpl.invoke0(Native Method)
	at sun.reflect.NativeMethodAccessorImpl.invoke(NativeMethodAccessorImpl.java:39)
	at sun.reflect.DelegatingMethodAccessorImpl.invoke(DelegatingMethodAccessorImpl.java:25)
	at java.lang.reflect.Method.invoke(Method.java:597)
	at com.chenjw.spider.aliuser.ActorFactory$4.invoke(ActorFactory.java:104)
	at akka.actor.UntypedActor_$$_javassist_4.onReceive(UntypedActor_$$_javassist_4.java)
	at akka.actor.UntypedActor$$anonfun$receive$1.applyOrElse(UntypedActor.scala:167)
	at akka.actor.ActorCell.receiveMessage(ActorCell.scala:498)
	at akka.actor.ActorCell.invoke(ActorCell.scala:456)
	at akka.dispatch.Mailbox.processMailbox(Mailbox.scala:237)
	at akka.dispatch.Mailbox.run(Mailbox.scala:219)
	at akka.dispatch.ForkJoinExecutorConfigurator$AkkaForkJoinTask.exec(AbstractDispatcher.scala:386)
	at scala.concurrent.forkjoin.ForkJoinTask.doExec(ForkJoinTask.java:260)
	at scala.concurrent.forkjoin.ForkJoinPool$WorkQueue.runTask(ForkJoinPool.java:1339)
	at scala.concurrent.forkjoin.ForkJoinPool.runWorker(ForkJoinPool.java:1979)
	at scala.concurrent.forkjoin.ForkJoinWorkerThread.run(ForkJoinWorkerThread.java:107)
Caused by: org.apache.http.client.CircularRedirectException: Circular redirect to 'https://login.alibaba-inc.com/ssoLogin.htm?APP_NAME=EHR&BACK_URL=https%3A%2F%2Fehr.alibaba-inc.com%2Femployee%2F%2FempInfo.htm%3FworkNo%3D10&CONTEXT_PATH=employee'
	at org.apache.http.impl.client.DefaultRedirectStrategy.getLocationURI(DefaultRedirectStrategy.java:183)
	at org.apache.http.impl.client.DefaultRedirectStrategy.getRedirect(DefaultRedirectStrategy.java:217)
	at org.apache.http.impl.client.DefaultRequestDirector.handleResponse(DefaultRequestDirector.java:1105)
	at org.apache.http.impl.client.DefaultRequestDirector.execute(DefaultRequestDirector.java:548)
	at org.apache.http.impl.client.AbstractHttpClient.execute(AbstractHttpClient.java:906)
	... 21 more
13440 ERROR [2014-02-01 01:19:21]  执行HTTP请求失败
org.apache.http.client.ClientProtocolException
	at org.apache.http.impl.client.AbstractHttpClient.execute(AbstractHttpClient.java:909)
	at org.apache.http.impl.client.AbstractHttpClient.execute(AbstractHttpClient.java:805)
	at com.chenjw.client.impl.SimpleHttpClient.excuteMethod(SimpleHttpClient.java:200)
	at com.chenjw.client.impl.SimpleHttpClient.get(SimpleHttpClient.java:134)
	at com.chenjw.spider.aliuser.impl.DetailActor.getUserInfo(DetailActor.java:25)
	at com.chenjw.spider.aliuser.impl.DetailActor_$$_javassist_15._d0getUserInfo(DetailActor_$$_javassist_15.java)
	at sun.reflect.NativeMethodAccessorImpl.invoke0(Native Method)
	at sun.reflect.NativeMethodAccessorImpl.invoke(NativeMethodAccessorImpl.java:39)
	at sun.reflect.DelegatingMethodAccessorImpl.invoke(DelegatingMethodAccessorImpl.java:25)
	at java.lang.reflect.Method.invoke(Method.java:597)
	at com.chenjw.spider.aliuser.ActorFactory$4.invoke(ActorFactory.java:104)
	at akka.actor.UntypedActor_$$_javassist_4.onReceive(UntypedActor_$$_javassist_4.java)
	at akka.actor.UntypedActor$$anonfun$receive$1.applyOrElse(UntypedActor.scala:167)
	at akka.actor.ActorCell.receiveMessage(ActorCell.scala:498)
	at akka.actor.ActorCell.invoke(ActorCell.scala:456)
	at akka.dispatch.Mailbox.processMailbox(Mailbox.scala:237)
	at akka.dispatch.Mailbox.run(Mailbox.scala:219)
	at akka.dispatch.ForkJoinExecutorConfigurator$AkkaForkJoinTask.exec(AbstractDispatcher.scala:386)
	at scala.concurrent.forkjoin.ForkJoinTask.doExec(ForkJoinTask.java:260)
	at scala.concurrent.forkjoin.ForkJoinPool$WorkQueue.runTask(ForkJoinPool.java:1339)
	at scala.concurrent.forkjoin.ForkJoinPool.runWorker(ForkJoinPool.java:1979)
	at scala.concurrent.forkjoin.ForkJoinWorkerThread.run(ForkJoinWorkerThread.java:107)
Caused by: org.apache.http.client.CircularRedirectException: Circular redirect to 'https://login.alibaba-inc.com/ssoLogin.htm?APP_NAME=EHR&BACK_URL=https%3A%2F%2Fehr.alibaba-inc.com%2Femployee%2F%2FempInfo.htm%3FworkNo%3D11&CONTEXT_PATH=employee'
	at org.apache.http.impl.client.DefaultRedirectStrategy.getLocationURI(DefaultRedirectStrategy.java:183)
	at org.apache.http.impl.client.DefaultRedirectStrategy.getRedirect(DefaultRedirectStrategy.java:217)
	at org.apache.http.impl.client.DefaultRequestDirector.handleResponse(DefaultRequestDirector.java:1105)
	at org.apache.http.impl.client.DefaultRequestDirector.execute(DefaultRequestDirector.java:548)
	at org.apache.http.impl.client.AbstractHttpClient.execute(AbstractHttpClient.java:906)
	... 21 more
17674 ERROR [2014-02-01 01:19:25]  执行HTTP请求失败
org.apache.http.client.ClientProtocolException
	at org.apache.http.impl.client.AbstractHttpClient.execute(AbstractHttpClient.java:909)
	at org.apache.http.impl.client.AbstractHttpClient.execute(AbstractHttpClient.java:805)
	at com.chenjw.client.impl.SimpleHttpClient.excuteMethod(SimpleHttpClient.java:200)
	at com.chenjw.client.impl.SimpleHttpClient.get(SimpleHttpClient.java:134)
	at com.chenjw.spider.aliuser.impl.DetailActor.getUserInfo(DetailActor.java:25)
	at com.chenjw.spider.aliuser.impl.DetailActor_$$_javassist_16._d0getUserInfo(DetailActor_$$_javassist_16.java)
	at sun.reflect.NativeMethodAccessorImpl.invoke0(Native Method)
	at sun.reflect.NativeMethodAccessorImpl.invoke(NativeMethodAccessorImpl.java:39)
	at sun.reflect.DelegatingMethodAccessorImpl.invoke(DelegatingMethodAccessorImpl.java:25)
	at java.lang.reflect.Method.invoke(Method.java:597)
	at com.chenjw.spider.aliuser.ActorFactory$4.invoke(ActorFactory.java:104)
	at akka.actor.UntypedActor_$$_javassist_4.onReceive(UntypedActor_$$_javassist_4.java)
	at akka.actor.UntypedActor$$anonfun$receive$1.applyOrElse(UntypedActor.scala:167)
	at akka.actor.ActorCell.receiveMessage(ActorCell.scala:498)
	at akka.actor.ActorCell.invoke(ActorCell.scala:456)
	at akka.dispatch.Mailbox.processMailbox(Mailbox.scala:237)
	at akka.dispatch.Mailbox.run(Mailbox.scala:219)
	at akka.dispatch.ForkJoinExecutorConfigurator$AkkaForkJoinTask.exec(AbstractDispatcher.scala:386)
	at scala.concurrent.forkjoin.ForkJoinTask.doExec(ForkJoinTask.java:260)
	at scala.concurrent.forkjoin.ForkJoinPool$WorkQueue.runTask(ForkJoinPool.java:1339)
	at scala.concurrent.forkjoin.ForkJoinPool.runWorker(ForkJoinPool.java:1979)
	at scala.concurrent.forkjoin.ForkJoinWorkerThread.run(ForkJoinWorkerThread.java:107)
Caused by: org.apache.http.client.CircularRedirectException: Circular redirect to 'https://login.alibaba-inc.com/ssoLogin.htm?APP_NAME=EHR&BACK_URL=https%3A%2F%2Fehr.alibaba-inc.com%2Femployee%2F%2FempInfo.htm%3FworkNo%3D12&CONTEXT_PATH=employee'
	at org.apache.http.impl.client.DefaultRedirectStrategy.getLocationURI(DefaultRedirectStrategy.java:183)
	at org.apache.http.impl.client.DefaultRedirectStrategy.getRedirect(DefaultRedirectStrategy.java:217)
	at org.apache.http.impl.client.DefaultRequestDirector.handleResponse(DefaultRequestDirector.java:1105)
	at org.apache.http.impl.client.DefaultRequestDirector.execute(DefaultRequestDirector.java:548)
	at org.apache.http.impl.client.AbstractHttpClient.execute(AbstractHttpClient.java:906)
	... 21 more
0    INFO  [2014-02-01 01:20:11]  Refreshing org.springframework.context.support.ClassPathXmlApplicationContext@fd7ad1c: display name [org.springframework.context.support.ClassPathXmlApplicationContext@fd7ad1c]; startup date [Sat Feb 01 01:20:11 CST 2014]; root of context hierarchy
79   INFO  [2014-02-01 01:20:11]  Loading XML bean definitions from class path resource [bean/main.xml]
193  INFO  [2014-02-01 01:20:11]  Loading XML bean definitions from class path resource [bean/common.xml]
255  INFO  [2014-02-01 01:20:11]  Loading XML bean definitions from class path resource [bean/aliuser.xml]
274  INFO  [2014-02-01 01:20:11]  Bean factory for application context [org.springframework.context.support.ClassPathXmlApplicationContext@fd7ad1c]: org.springframework.beans.factory.support.DefaultListableBeanFactory@3a64c34e
296  INFO  [2014-02-01 01:20:11]  Pre-instantiating singletons in org.springframework.beans.factory.support.DefaultListableBeanFactory@3a64c34e: defining beans [httpClient,com.chenjw.dynacomponent.ComponentManager#0,aliUserService,actorFactory,aliUserDAO]; root of factory hierarchy
1081 INFO  [2014-02-01 01:20:12]  monitor folder : /home/chenjw/my_workspace/spider/aliuser/target/classes/dynamicscript
2432 INFO  [2014-02-01 01:20:13]  ParserContainer(3) reloaded! 
15421 ERROR [2014-02-01 01:20:26]  执行HTTP请求失败
org.apache.http.client.ClientProtocolException
	at org.apache.http.impl.client.AbstractHttpClient.execute(AbstractHttpClient.java:909)
	at org.apache.http.impl.client.AbstractHttpClient.execute(AbstractHttpClient.java:805)
	at com.chenjw.client.impl.SimpleHttpClient.excuteMethod(SimpleHttpClient.java:200)
	at com.chenjw.client.impl.SimpleHttpClient.get(SimpleHttpClient.java:134)
	at com.chenjw.spider.aliuser.impl.DetailActor.getUserInfo(DetailActor.java:25)
	at com.chenjw.spider.aliuser.impl.DetailActor_$$_javassist_7._d0getUserInfo(DetailActor_$$_javassist_7.java)
	at sun.reflect.NativeMethodAccessorImpl.invoke0(Native Method)
	at sun.reflect.NativeMethodAccessorImpl.invoke(NativeMethodAccessorImpl.java:39)
	at sun.reflect.DelegatingMethodAccessorImpl.invoke(DelegatingMethodAccessorImpl.java:25)
	at java.lang.reflect.Method.invoke(Method.java:597)
	at com.chenjw.spider.aliuser.ActorFactory$4.invoke(ActorFactory.java:104)
	at akka.actor.UntypedActor_$$_javassist_4.onReceive(UntypedActor_$$_javassist_4.java)
	at akka.actor.UntypedActor$$anonfun$receive$1.applyOrElse(UntypedActor.scala:167)
	at akka.actor.ActorCell.receiveMessage(ActorCell.scala:498)
	at akka.actor.ActorCell.invoke(ActorCell.scala:456)
	at akka.dispatch.Mailbox.processMailbox(Mailbox.scala:237)
	at akka.dispatch.Mailbox.run(Mailbox.scala:219)
	at akka.dispatch.ForkJoinExecutorConfigurator$AkkaForkJoinTask.exec(AbstractDispatcher.scala:386)
	at scala.concurrent.forkjoin.ForkJoinTask.doExec(ForkJoinTask.java:260)
	at scala.concurrent.forkjoin.ForkJoinPool$WorkQueue.runTask(ForkJoinPool.java:1339)
	at scala.concurrent.forkjoin.ForkJoinPool.runWorker(ForkJoinPool.java:1979)
	at scala.concurrent.forkjoin.ForkJoinWorkerThread.run(ForkJoinWorkerThread.java:107)
Caused by: org.apache.http.client.CircularRedirectException: Circular redirect to 'https://login.alibaba-inc.com/ssoLogin.htm?APP_NAME=EHR&BACK_URL=https%3A%2F%2Fehr.alibaba-inc.com%2Femployee%2F%2FempInfo.htm%3FworkNo%3D3&CONTEXT_PATH=employee'
	at org.apache.http.impl.client.DefaultRedirectStrategy.getLocationURI(DefaultRedirectStrategy.java:183)
	at org.apache.http.impl.client.DefaultRedirectStrategy.getRedirect(DefaultRedirectStrategy.java:217)
	at org.apache.http.impl.client.DefaultRequestDirector.handleResponse(DefaultRequestDirector.java:1105)
	at org.apache.http.impl.client.DefaultRequestDirector.execute(DefaultRequestDirector.java:548)
	at org.apache.http.impl.client.AbstractHttpClient.execute(AbstractHttpClient.java:906)
	... 21 more
18626 ERROR [2014-02-01 01:20:30]  执行HTTP请求失败
org.apache.http.client.ClientProtocolException
	at org.apache.http.impl.client.AbstractHttpClient.execute(AbstractHttpClient.java:909)
	at org.apache.http.impl.client.AbstractHttpClient.execute(AbstractHttpClient.java:805)
	at com.chenjw.client.impl.SimpleHttpClient.excuteMethod(SimpleHttpClient.java:200)
	at com.chenjw.client.impl.SimpleHttpClient.get(SimpleHttpClient.java:134)
	at com.chenjw.spider.aliuser.impl.DetailActor.getUserInfo(DetailActor.java:25)
	at com.chenjw.spider.aliuser.impl.DetailActor_$$_javassist_10._d0getUserInfo(DetailActor_$$_javassist_10.java)
	at sun.reflect.NativeMethodAccessorImpl.invoke0(Native Method)
	at sun.reflect.NativeMethodAccessorImpl.invoke(NativeMethodAccessorImpl.java:39)
	at sun.reflect.DelegatingMethodAccessorImpl.invoke(DelegatingMethodAccessorImpl.java:25)
	at java.lang.reflect.Method.invoke(Method.java:597)
	at com.chenjw.spider.aliuser.ActorFactory$4.invoke(ActorFactory.java:104)
	at akka.actor.UntypedActor_$$_javassist_4.onReceive(UntypedActor_$$_javassist_4.java)
	at akka.actor.UntypedActor$$anonfun$receive$1.applyOrElse(UntypedActor.scala:167)
	at akka.actor.ActorCell.receiveMessage(ActorCell.scala:498)
	at akka.actor.ActorCell.invoke(ActorCell.scala:456)
	at akka.dispatch.Mailbox.processMailbox(Mailbox.scala:237)
	at akka.dispatch.Mailbox.run(Mailbox.scala:219)
	at akka.dispatch.ForkJoinExecutorConfigurator$AkkaForkJoinTask.exec(AbstractDispatcher.scala:386)
	at scala.concurrent.forkjoin.ForkJoinTask.doExec(ForkJoinTask.java:260)
	at scala.concurrent.forkjoin.ForkJoinPool$WorkQueue.runTask(ForkJoinPool.java:1339)
	at scala.concurrent.forkjoin.ForkJoinPool.runWorker(ForkJoinPool.java:1979)
	at scala.concurrent.forkjoin.ForkJoinWorkerThread.run(ForkJoinWorkerThread.java:107)
Caused by: org.apache.http.client.CircularRedirectException: Circular redirect to 'https://login.alibaba-inc.com/ssoLogin.htm?APP_NAME=EHR&BACK_URL=https%3A%2F%2Fehr.alibaba-inc.com%2Femployee%2F%2FempInfo.htm%3FworkNo%3D6&CONTEXT_PATH=employee'
	at org.apache.http.impl.client.DefaultRedirectStrategy.getLocationURI(DefaultRedirectStrategy.java:183)
	at org.apache.http.impl.client.DefaultRedirectStrategy.getRedirect(DefaultRedirectStrategy.java:217)
	at org.apache.http.impl.client.DefaultRequestDirector.handleResponse(DefaultRequestDirector.java:1105)
	at org.apache.http.impl.client.DefaultRequestDirector.execute(DefaultRequestDirector.java:548)
	at org.apache.http.impl.client.AbstractHttpClient.execute(AbstractHttpClient.java:906)
	... 21 more
0    INFO  [2014-02-01 01:30:06]  Refreshing org.springframework.context.support.ClassPathXmlApplicationContext@fd7ad1c: display name [org.springframework.context.support.ClassPathXmlApplicationContext@fd7ad1c]; startup date [Sat Feb 01 01:30:06 CST 2014]; root of context hierarchy
72   INFO  [2014-02-01 01:30:06]  Loading XML bean definitions from class path resource [bean/main.xml]
230  INFO  [2014-02-01 01:30:06]  Loading XML bean definitions from class path resource [bean/common.xml]
294  INFO  [2014-02-01 01:30:06]  Loading XML bean definitions from class path resource [bean/aliuser.xml]
312  INFO  [2014-02-01 01:30:06]  Bean factory for application context [org.springframework.context.support.ClassPathXmlApplicationContext@fd7ad1c]: org.springframework.beans.factory.support.DefaultListableBeanFactory@2efb56b1
344  INFO  [2014-02-01 01:30:06]  Pre-instantiating singletons in org.springframework.beans.factory.support.DefaultListableBeanFactory@2efb56b1: defining beans [httpClient,com.chenjw.dynacomponent.ComponentManager#0,aliUserService,actorFactory,aliUserDAO]; root of factory hierarchy
1075 INFO  [2014-02-01 01:30:07]  monitor folder : /home/chenjw/my_workspace/spider/aliuser/target/classes/dynamicscript
2829 INFO  [2014-02-01 01:30:09]  ParserContainer(3) reloaded! 
12358 ERROR [2014-02-01 01:30:18]  执行HTTP请求失败
org.apache.http.client.ClientProtocolException
	at org.apache.http.impl.client.AbstractHttpClient.execute(AbstractHttpClient.java:909)
	at org.apache.http.impl.client.AbstractHttpClient.execute(AbstractHttpClient.java:805)
	at com.chenjw.client.impl.SimpleHttpClient.excuteMethod(SimpleHttpClient.java:201)
	at com.chenjw.client.impl.SimpleHttpClient.get(SimpleHttpClient.java:134)
	at com.chenjw.spider.aliuser.impl.DetailActor.getUserInfo(DetailActor.java:25)
	at com.chenjw.spider.aliuser.impl.DetailActor_$$_javassist_10._d0getUserInfo(DetailActor_$$_javassist_10.java)
	at sun.reflect.NativeMethodAccessorImpl.invoke0(Native Method)
	at sun.reflect.NativeMethodAccessorImpl.invoke(NativeMethodAccessorImpl.java:39)
	at sun.reflect.DelegatingMethodAccessorImpl.invoke(DelegatingMethodAccessorImpl.java:25)
	at java.lang.reflect.Method.invoke(Method.java:597)
	at com.chenjw.spider.aliuser.ActorFactory$4.invoke(ActorFactory.java:104)
	at akka.actor.UntypedActor_$$_javassist_4.onReceive(UntypedActor_$$_javassist_4.java)
	at akka.actor.UntypedActor$$anonfun$receive$1.applyOrElse(UntypedActor.scala:167)
	at akka.actor.ActorCell.receiveMessage(ActorCell.scala:498)
	at akka.actor.ActorCell.invoke(ActorCell.scala:456)
	at akka.dispatch.Mailbox.processMailbox(Mailbox.scala:237)
	at akka.dispatch.Mailbox.run(Mailbox.scala:219)
	at akka.dispatch.ForkJoinExecutorConfigurator$AkkaForkJoinTask.exec(AbstractDispatcher.scala:386)
	at scala.concurrent.forkjoin.ForkJoinTask.doExec(ForkJoinTask.java:260)
	at scala.concurrent.forkjoin.ForkJoinPool$WorkQueue.runTask(ForkJoinPool.java:1339)
	at scala.concurrent.forkjoin.ForkJoinPool.runWorker(ForkJoinPool.java:1979)
	at scala.concurrent.forkjoin.ForkJoinWorkerThread.run(ForkJoinWorkerThread.java:107)
Caused by: org.apache.http.client.CircularRedirectException: Circular redirect to 'https://login.alibaba-inc.com/ssoLogin.htm?APP_NAME=EHR&BACK_URL=https%3A%2F%2Fehr.alibaba-inc.com%2Femployee%2F%2FempInfo.htm%3FworkNo%3D6&CONTEXT_PATH=employee'
	at org.apache.http.impl.client.DefaultRedirectStrategy.getLocationURI(DefaultRedirectStrategy.java:183)
	at org.apache.http.impl.client.DefaultRedirectStrategy.getRedirect(DefaultRedirectStrategy.java:217)
	at org.apache.http.impl.client.DefaultRequestDirector.handleResponse(DefaultRequestDirector.java:1105)
	at org.apache.http.impl.client.DefaultRequestDirector.execute(DefaultRequestDirector.java:548)
	at org.apache.http.impl.client.AbstractHttpClient.execute(AbstractHttpClient.java:906)
	... 21 more
0    INFO  [2014-02-01 01:31:03]  Refreshing org.springframework.context.support.ClassPathXmlApplicationContext@3ebfc8e0: display name [org.springframework.context.support.ClassPathXmlApplicationContext@3ebfc8e0]; startup date [Sat Feb 01 01:31:03 CST 2014]; root of context hierarchy
76   INFO  [2014-02-01 01:31:03]  Loading XML bean definitions from class path resource [bean/main.xml]
251  INFO  [2014-02-01 01:31:04]  Loading XML bean definitions from class path resource [bean/common.xml]
353  INFO  [2014-02-01 01:31:04]  Loading XML bean definitions from class path resource [bean/aliuser.xml]
373  INFO  [2014-02-01 01:31:04]  Bean factory for application context [org.springframework.context.support.ClassPathXmlApplicationContext@3ebfc8e0]: org.springframework.beans.factory.support.DefaultListableBeanFactory@2d5253d5
392  INFO  [2014-02-01 01:31:04]  Pre-instantiating singletons in org.springframework.beans.factory.support.DefaultListableBeanFactory@2d5253d5: defining beans [httpClient,com.chenjw.dynacomponent.ComponentManager#0,aliUserService,actorFactory,aliUserDAO]; root of factory hierarchy
1161 INFO  [2014-02-01 01:31:04]  monitor folder : /home/chenjw/my_workspace/spider/aliuser/target/classes/dynamicscript
2592 INFO  [2014-02-01 01:31:06]  ParserContainer(3) reloaded! 
0    INFO  [2014-02-01 01:32:58]  Refreshing org.springframework.context.support.ClassPathXmlApplicationContext@5265a77f: display name [org.springframework.context.support.ClassPathXmlApplicationContext@5265a77f]; startup date [Sat Feb 01 01:32:58 CST 2014]; root of context hierarchy
80   INFO  [2014-02-01 01:32:58]  Loading XML bean definitions from class path resource [bean/main.xml]
253  INFO  [2014-02-01 01:32:59]  Loading XML bean definitions from class path resource [bean/common.xml]
301  INFO  [2014-02-01 01:32:59]  Loading XML bean definitions from class path resource [bean/aliuser.xml]
330  INFO  [2014-02-01 01:32:59]  Bean factory for application context [org.springframework.context.support.ClassPathXmlApplicationContext@5265a77f]: org.springframework.beans.factory.support.DefaultListableBeanFactory@2efb56b1
360  INFO  [2014-02-01 01:32:59]  Pre-instantiating singletons in org.springframework.beans.factory.support.DefaultListableBeanFactory@2efb56b1: defining beans [httpClient,com.chenjw.dynacomponent.ComponentManager#0,aliUserService,actorFactory,aliUserDAO]; root of factory hierarchy
1168 INFO  [2014-02-01 01:33:00]  monitor folder : /home/chenjw/my_workspace/spider/aliuser/target/classes/dynamicscript
2720 INFO  [2014-02-01 01:33:01]  ParserContainer(3) reloaded! 
77835 ERROR [2014-02-01 01:34:16]  执行HTTP请求失败
org.apache.http.client.ClientProtocolException
	at org.apache.http.impl.client.AbstractHttpClient.execute(AbstractHttpClient.java:909)
	at org.apache.http.impl.client.AbstractHttpClient.execute(AbstractHttpClient.java:805)
	at com.chenjw.client.impl.SimpleHttpClient.excuteMethod(SimpleHttpClient.java:201)
	at com.chenjw.client.impl.SimpleHttpClient.get(SimpleHttpClient.java:134)
	at com.chenjw.spider.aliuser.impl.DetailActor.getUserInfo(DetailActor.java:25)
	at com.chenjw.spider.aliuser.impl.DetailActor_$$_javassist_15._d0getUserInfo(DetailActor_$$_javassist_15.java)
	at sun.reflect.NativeMethodAccessorImpl.invoke0(Native Method)
	at sun.reflect.NativeMethodAccessorImpl.invoke(NativeMethodAccessorImpl.java:39)
	at sun.reflect.DelegatingMethodAccessorImpl.invoke(DelegatingMethodAccessorImpl.java:25)
	at java.lang.reflect.Method.invoke(Method.java:597)
	at com.chenjw.spider.aliuser.ActorFactory$4.invoke(ActorFactory.java:104)
	at akka.actor.UntypedActor_$$_javassist_4.onReceive(UntypedActor_$$_javassist_4.java)
	at akka.actor.UntypedActor$$anonfun$receive$1.applyOrElse(UntypedActor.scala:167)
	at akka.actor.ActorCell.receiveMessage(ActorCell.scala:498)
	at akka.actor.ActorCell.invoke(ActorCell.scala:456)
	at akka.dispatch.Mailbox.processMailbox(Mailbox.scala:237)
	at akka.dispatch.Mailbox.run(Mailbox.scala:219)
	at akka.dispatch.ForkJoinExecutorConfigurator$AkkaForkJoinTask.exec(AbstractDispatcher.scala:386)
	at scala.concurrent.forkjoin.ForkJoinTask.doExec(ForkJoinTask.java:260)
	at scala.concurrent.forkjoin.ForkJoinPool$WorkQueue.runTask(ForkJoinPool.java:1339)
	at scala.concurrent.forkjoin.ForkJoinPool.runWorker(ForkJoinPool.java:1979)
	at scala.concurrent.forkjoin.ForkJoinWorkerThread.run(ForkJoinWorkerThread.java:107)
Caused by: org.apache.http.client.RedirectException: Maximum redirects (100) exceeded
	at org.apache.http.impl.client.DefaultRequestDirector.handleResponse(DefaultRequestDirector.java:1097)
	at org.apache.http.impl.client.DefaultRequestDirector.execute(DefaultRequestDirector.java:548)
	at org.apache.http.impl.client.AbstractHttpClient.execute(AbstractHttpClient.java:906)
	... 21 more
87860 ERROR [2014-02-01 01:34:26]  执行HTTP请求失败
org.apache.http.client.ClientProtocolException
	at org.apache.http.impl.client.AbstractHttpClient.execute(AbstractHttpClient.java:909)
	at org.apache.http.impl.client.AbstractHttpClient.execute(AbstractHttpClient.java:805)
	at com.chenjw.client.impl.SimpleHttpClient.excuteMethod(SimpleHttpClient.java:201)
	at com.chenjw.client.impl.SimpleHttpClient.get(SimpleHttpClient.java:134)
	at com.chenjw.spider.aliuser.impl.DetailActor.getUserInfo(DetailActor.java:25)
	at com.chenjw.spider.aliuser.impl.DetailActor_$$_javassist_11._d0getUserInfo(DetailActor_$$_javassist_11.java)
	at sun.reflect.NativeMethodAccessorImpl.invoke0(Native Method)
	at sun.reflect.NativeMethodAccessorImpl.invoke(NativeMethodAccessorImpl.java:39)
	at sun.reflect.DelegatingMethodAccessorImpl.invoke(DelegatingMethodAccessorImpl.java:25)
	at java.lang.reflect.Method.invoke(Method.java:597)
	at com.chenjw.spider.aliuser.ActorFactory$4.invoke(ActorFactory.java:104)
	at akka.actor.UntypedActor_$$_javassist_4.onReceive(UntypedActor_$$_javassist_4.java)
	at akka.actor.UntypedActor$$anonfun$receive$1.applyOrElse(UntypedActor.scala:167)
	at akka.actor.ActorCell.receiveMessage(ActorCell.scala:498)
	at akka.actor.ActorCell.invoke(ActorCell.scala:456)
	at akka.dispatch.Mailbox.processMailbox(Mailbox.scala:237)
	at akka.dispatch.Mailbox.run(Mailbox.scala:219)
	at akka.dispatch.ForkJoinExecutorConfigurator$AkkaForkJoinTask.exec(AbstractDispatcher.scala:386)
	at scala.concurrent.forkjoin.ForkJoinTask.doExec(ForkJoinTask.java:260)
	at scala.concurrent.forkjoin.ForkJoinPool$WorkQueue.runTask(ForkJoinPool.java:1339)
	at scala.concurrent.forkjoin.ForkJoinPool.runWorker(ForkJoinPool.java:1979)
	at scala.concurrent.forkjoin.ForkJoinWorkerThread.run(ForkJoinWorkerThread.java:107)
Caused by: org.apache.http.client.RedirectException: Maximum redirects (100) exceeded
	at org.apache.http.impl.client.DefaultRequestDirector.handleResponse(DefaultRequestDirector.java:1097)
	at org.apache.http.impl.client.DefaultRequestDirector.execute(DefaultRequestDirector.java:548)
	at org.apache.http.impl.client.AbstractHttpClient.execute(AbstractHttpClient.java:906)
	... 21 more
95879 ERROR [2014-02-01 01:34:34]  执行HTTP请求失败
org.apache.http.client.ClientProtocolException
	at org.apache.http.impl.client.AbstractHttpClient.execute(AbstractHttpClient.java:909)
	at org.apache.http.impl.client.AbstractHttpClient.execute(AbstractHttpClient.java:805)
	at com.chenjw.client.impl.SimpleHttpClient.excuteMethod(SimpleHttpClient.java:201)
	at com.chenjw.client.impl.SimpleHttpClient.get(SimpleHttpClient.java:134)
	at com.chenjw.spider.aliuser.impl.DetailActor.getUserInfo(DetailActor.java:25)
	at com.chenjw.spider.aliuser.impl.DetailActor_$$_javassist_10._d0getUserInfo(DetailActor_$$_javassist_10.java)
	at sun.reflect.NativeMethodAccessorImpl.invoke0(Native Method)
	at sun.reflect.NativeMethodAccessorImpl.invoke(NativeMethodAccessorImpl.java:39)
	at sun.reflect.DelegatingMethodAccessorImpl.invoke(DelegatingMethodAccessorImpl.java:25)
	at java.lang.reflect.Method.invoke(Method.java:597)
	at com.chenjw.spider.aliuser.ActorFactory$4.invoke(ActorFactory.java:104)
	at akka.actor.UntypedActor_$$_javassist_4.onReceive(UntypedActor_$$_javassist_4.java)
	at akka.actor.UntypedActor$$anonfun$receive$1.applyOrElse(UntypedActor.scala:167)
	at akka.actor.ActorCell.receiveMessage(ActorCell.scala:498)
	at akka.actor.ActorCell.invoke(ActorCell.scala:456)
	at akka.dispatch.Mailbox.processMailbox(Mailbox.scala:237)
	at akka.dispatch.Mailbox.run(Mailbox.scala:219)
	at akka.dispatch.ForkJoinExecutorConfigurator$AkkaForkJoinTask.exec(AbstractDispatcher.scala:386)
	at scala.concurrent.forkjoin.ForkJoinTask.doExec(ForkJoinTask.java:260)
	at scala.concurrent.forkjoin.ForkJoinPool$WorkQueue.runTask(ForkJoinPool.java:1339)
	at scala.concurrent.forkjoin.ForkJoinPool.runWorker(ForkJoinPool.java:1979)
	at scala.concurrent.forkjoin.ForkJoinWorkerThread.run(ForkJoinWorkerThread.java:107)
Caused by: org.apache.http.client.RedirectException: Maximum redirects (100) exceeded
	at org.apache.http.impl.client.DefaultRequestDirector.handleResponse(DefaultRequestDirector.java:1097)
	at org.apache.http.impl.client.DefaultRequestDirector.execute(DefaultRequestDirector.java:548)
	at org.apache.http.impl.client.AbstractHttpClient.execute(AbstractHttpClient.java:906)
	... 21 more
96922 ERROR [2014-02-01 01:34:35]  执行HTTP请求失败
org.apache.http.client.ClientProtocolException
	at org.apache.http.impl.client.AbstractHttpClient.execute(AbstractHttpClient.java:909)
	at org.apache.http.impl.client.AbstractHttpClient.execute(AbstractHttpClient.java:805)
	at com.chenjw.client.impl.SimpleHttpClient.excuteMethod(SimpleHttpClient.java:201)
	at com.chenjw.client.impl.SimpleHttpClient.get(SimpleHttpClient.java:134)
	at com.chenjw.spider.aliuser.impl.DetailActor.getUserInfo(DetailActor.java:25)
	at com.chenjw.spider.aliuser.impl.DetailActor_$$_javassist_8._d0getUserInfo(DetailActor_$$_javassist_8.java)
	at sun.reflect.NativeMethodAccessorImpl.invoke0(Native Method)
	at sun.reflect.NativeMethodAccessorImpl.invoke(NativeMethodAccessorImpl.java:39)
	at sun.reflect.DelegatingMethodAccessorImpl.invoke(DelegatingMethodAccessorImpl.java:25)
	at java.lang.reflect.Method.invoke(Method.java:597)
	at com.chenjw.spider.aliuser.ActorFactory$4.invoke(ActorFactory.java:104)
	at akka.actor.UntypedActor_$$_javassist_4.onReceive(UntypedActor_$$_javassist_4.java)
	at akka.actor.UntypedActor$$anonfun$receive$1.applyOrElse(UntypedActor.scala:167)
	at akka.actor.ActorCell.receiveMessage(ActorCell.scala:498)
	at akka.actor.ActorCell.invoke(ActorCell.scala:456)
	at akka.dispatch.Mailbox.processMailbox(Mailbox.scala:237)
	at akka.dispatch.Mailbox.run(Mailbox.scala:219)
	at akka.dispatch.ForkJoinExecutorConfigurator$AkkaForkJoinTask.exec(AbstractDispatcher.scala:386)
	at scala.concurrent.forkjoin.ForkJoinTask.doExec(ForkJoinTask.java:260)
	at scala.concurrent.forkjoin.ForkJoinPool$WorkQueue.runTask(ForkJoinPool.java:1339)
	at scala.concurrent.forkjoin.ForkJoinPool.runWorker(ForkJoinPool.java:1979)
	at scala.concurrent.forkjoin.ForkJoinWorkerThread.run(ForkJoinWorkerThread.java:107)
Caused by: org.apache.http.client.RedirectException: Maximum redirects (100) exceeded
	at org.apache.http.impl.client.DefaultRequestDirector.handleResponse(DefaultRequestDirector.java:1097)
	at org.apache.http.impl.client.DefaultRequestDirector.execute(DefaultRequestDirector.java:548)
	at org.apache.http.impl.client.AbstractHttpClient.execute(AbstractHttpClient.java:906)
	... 21 more
101053 ERROR [2014-02-01 01:34:39]  执行HTTP请求失败
org.apache.http.client.ClientProtocolException
	at org.apache.http.impl.client.AbstractHttpClient.execute(AbstractHttpClient.java:909)
	at org.apache.http.impl.client.AbstractHttpClient.execute(AbstractHttpClient.java:805)
	at com.chenjw.client.impl.SimpleHttpClient.excuteMethod(SimpleHttpClient.java:201)
	at com.chenjw.client.impl.SimpleHttpClient.get(SimpleHttpClient.java:134)
	at com.chenjw.spider.aliuser.impl.DetailActor.getUserInfo(DetailActor.java:25)
	at com.chenjw.spider.aliuser.impl.DetailActor_$$_javassist_12._d0getUserInfo(DetailActor_$$_javassist_12.java)
	at sun.reflect.NativeMethodAccessorImpl.invoke0(Native Method)
	at sun.reflect.NativeMethodAccessorImpl.invoke(NativeMethodAccessorImpl.java:39)
	at sun.reflect.DelegatingMethodAccessorImpl.invoke(DelegatingMethodAccessorImpl.java:25)
	at java.lang.reflect.Method.invoke(Method.java:597)
	at com.chenjw.spider.aliuser.ActorFactory$4.invoke(ActorFactory.java:104)
	at akka.actor.UntypedActor_$$_javassist_4.onReceive(UntypedActor_$$_javassist_4.java)
	at akka.actor.UntypedActor$$anonfun$receive$1.applyOrElse(UntypedActor.scala:167)
	at akka.actor.ActorCell.receiveMessage(ActorCell.scala:498)
	at akka.actor.ActorCell.invoke(ActorCell.scala:456)
	at akka.dispatch.Mailbox.processMailbox(Mailbox.scala:237)
	at akka.dispatch.Mailbox.run(Mailbox.scala:219)
	at akka.dispatch.ForkJoinExecutorConfigurator$AkkaForkJoinTask.exec(AbstractDispatcher.scala:386)
	at scala.concurrent.forkjoin.ForkJoinTask.doExec(ForkJoinTask.java:260)
	at scala.concurrent.forkjoin.ForkJoinPool$WorkQueue.runTask(ForkJoinPool.java:1339)
	at scala.concurrent.forkjoin.ForkJoinPool.runWorker(ForkJoinPool.java:1979)
	at scala.concurrent.forkjoin.ForkJoinWorkerThread.run(ForkJoinWorkerThread.java:107)
Caused by: org.apache.http.client.RedirectException: Maximum redirects (100) exceeded
	at org.apache.http.impl.client.DefaultRequestDirector.handleResponse(DefaultRequestDirector.java:1097)
	at org.apache.http.impl.client.DefaultRequestDirector.execute(DefaultRequestDirector.java:548)
	at org.apache.http.impl.client.AbstractHttpClient.execute(AbstractHttpClient.java:906)
	... 21 more
107215 ERROR [2014-02-01 01:34:46]  执行HTTP请求失败
org.apache.http.client.ClientProtocolException
	at org.apache.http.impl.client.AbstractHttpClient.execute(AbstractHttpClient.java:909)
	at org.apache.http.impl.client.AbstractHttpClient.execute(AbstractHttpClient.java:805)
	at com.chenjw.client.impl.SimpleHttpClient.excuteMethod(SimpleHttpClient.java:201)
	at com.chenjw.client.impl.SimpleHttpClient.get(SimpleHttpClient.java:134)
	at com.chenjw.spider.aliuser.impl.DetailActor.getUserInfo(DetailActor.java:25)
	at com.chenjw.spider.aliuser.impl.DetailActor_$$_javassist_5._d0getUserInfo(DetailActor_$$_javassist_5.java)
	at sun.reflect.NativeMethodAccessorImpl.invoke0(Native Method)
	at sun.reflect.NativeMethodAccessorImpl.invoke(NativeMethodAccessorImpl.java:39)
	at sun.reflect.DelegatingMethodAccessorImpl.invoke(DelegatingMethodAccessorImpl.java:25)
	at java.lang.reflect.Method.invoke(Method.java:597)
	at com.chenjw.spider.aliuser.ActorFactory$4.invoke(ActorFactory.java:104)
	at akka.actor.UntypedActor_$$_javassist_4.onReceive(UntypedActor_$$_javassist_4.java)
	at akka.actor.UntypedActor$$anonfun$receive$1.applyOrElse(UntypedActor.scala:167)
	at akka.actor.ActorCell.receiveMessage(ActorCell.scala:498)
	at akka.actor.ActorCell.invoke(ActorCell.scala:456)
	at akka.dispatch.Mailbox.processMailbox(Mailbox.scala:237)
	at akka.dispatch.Mailbox.run(Mailbox.scala:219)
	at akka.dispatch.ForkJoinExecutorConfigurator$AkkaForkJoinTask.exec(AbstractDispatcher.scala:386)
	at scala.concurrent.forkjoin.ForkJoinTask.doExec(ForkJoinTask.java:260)
	at scala.concurrent.forkjoin.ForkJoinPool$WorkQueue.runTask(ForkJoinPool.java:1339)
	at scala.concurrent.forkjoin.ForkJoinPool.runWorker(ForkJoinPool.java:1979)
	at scala.concurrent.forkjoin.ForkJoinWorkerThread.run(ForkJoinWorkerThread.java:107)
Caused by: org.apache.http.client.RedirectException: Maximum redirects (100) exceeded
	at org.apache.http.impl.client.DefaultRequestDirector.handleResponse(DefaultRequestDirector.java:1097)
	at org.apache.http.impl.client.DefaultRequestDirector.execute(DefaultRequestDirector.java:548)
	at org.apache.http.impl.client.AbstractHttpClient.execute(AbstractHttpClient.java:906)
	... 21 more
108731 ERROR [2014-02-01 01:34:47]  执行HTTP请求失败
org.apache.http.client.ClientProtocolException
	at org.apache.http.impl.client.AbstractHttpClient.execute(AbstractHttpClient.java:909)
	at org.apache.http.impl.client.AbstractHttpClient.execute(AbstractHttpClient.java:805)
	at com.chenjw.client.impl.SimpleHttpClient.excuteMethod(SimpleHttpClient.java:201)
	at com.chenjw.client.impl.SimpleHttpClient.get(SimpleHttpClient.java:134)
	at com.chenjw.spider.aliuser.impl.DetailActor.getUserInfo(DetailActor.java:25)
	at com.chenjw.spider.aliuser.impl.DetailActor_$$_javassist_13._d0getUserInfo(DetailActor_$$_javassist_13.java)
	at sun.reflect.NativeMethodAccessorImpl.invoke0(Native Method)
	at sun.reflect.NativeMethodAccessorImpl.invoke(NativeMethodAccessorImpl.java:39)
	at sun.reflect.DelegatingMethodAccessorImpl.invoke(DelegatingMethodAccessorImpl.java:25)
	at java.lang.reflect.Method.invoke(Method.java:597)
	at com.chenjw.spider.aliuser.ActorFactory$4.invoke(ActorFactory.java:104)
	at akka.actor.UntypedActor_$$_javassist_4.onReceive(UntypedActor_$$_javassist_4.java)
	at akka.actor.UntypedActor$$anonfun$receive$1.applyOrElse(UntypedActor.scala:167)
	at akka.actor.ActorCell.receiveMessage(ActorCell.scala:498)
	at akka.actor.ActorCell.invoke(ActorCell.scala:456)
	at akka.dispatch.Mailbox.processMailbox(Mailbox.scala:237)
	at akka.dispatch.Mailbox.run(Mailbox.scala:219)
	at akka.dispatch.ForkJoinExecutorConfigurator$AkkaForkJoinTask.exec(AbstractDispatcher.scala:386)
	at scala.concurrent.forkjoin.ForkJoinTask.doExec(ForkJoinTask.java:260)
	at scala.concurrent.forkjoin.ForkJoinPool$WorkQueue.runTask(ForkJoinPool.java:1339)
	at scala.concurrent.forkjoin.ForkJoinPool.runWorker(ForkJoinPool.java:1979)
	at scala.concurrent.forkjoin.ForkJoinWorkerThread.run(ForkJoinWorkerThread.java:107)
Caused by: org.apache.http.client.RedirectException: Maximum redirects (100) exceeded
	at org.apache.http.impl.client.DefaultRequestDirector.handleResponse(DefaultRequestDirector.java:1097)
	at org.apache.http.impl.client.DefaultRequestDirector.execute(DefaultRequestDirector.java:548)
	at org.apache.http.impl.client.AbstractHttpClient.execute(AbstractHttpClient.java:906)
	... 21 more
109163 ERROR [2014-02-01 01:34:48]  执行HTTP请求失败
org.apache.http.client.ClientProtocolException
	at org.apache.http.impl.client.AbstractHttpClient.execute(AbstractHttpClient.java:909)
	at org.apache.http.impl.client.AbstractHttpClient.execute(AbstractHttpClient.java:805)
	at com.chenjw.client.impl.SimpleHttpClient.excuteMethod(SimpleHttpClient.java:201)
	at com.chenjw.client.impl.SimpleHttpClient.get(SimpleHttpClient.java:134)
	at com.chenjw.spider.aliuser.impl.DetailActor.getUserInfo(DetailActor.java:25)
	at com.chenjw.spider.aliuser.impl.DetailActor_$$_javassist_14._d0getUserInfo(DetailActor_$$_javassist_14.java)
	at sun.reflect.NativeMethodAccessorImpl.invoke0(Native Method)
	at sun.reflect.NativeMethodAccessorImpl.invoke(NativeMethodAccessorImpl.java:39)
	at sun.reflect.DelegatingMethodAccessorImpl.invoke(DelegatingMethodAccessorImpl.java:25)
	at java.lang.reflect.Method.invoke(Method.java:597)
	at com.chenjw.spider.aliuser.ActorFactory$4.invoke(ActorFactory.java:104)
	at akka.actor.UntypedActor_$$_javassist_4.onReceive(UntypedActor_$$_javassist_4.java)
	at akka.actor.UntypedActor$$anonfun$receive$1.applyOrElse(UntypedActor.scala:167)
	at akka.actor.ActorCell.receiveMessage(ActorCell.scala:498)
	at akka.actor.ActorCell.invoke(ActorCell.scala:456)
	at akka.dispatch.Mailbox.processMailbox(Mailbox.scala:237)
	at akka.dispatch.Mailbox.run(Mailbox.scala:219)
	at akka.dispatch.ForkJoinExecutorConfigurator$AkkaForkJoinTask.exec(AbstractDispatcher.scala:386)
	at scala.concurrent.forkjoin.ForkJoinTask.doExec(ForkJoinTask.java:260)
	at scala.concurrent.forkjoin.ForkJoinPool$WorkQueue.runTask(ForkJoinPool.java:1339)
	at scala.concurrent.forkjoin.ForkJoinPool.runWorker(ForkJoinPool.java:1979)
	at scala.concurrent.forkjoin.ForkJoinWorkerThread.run(ForkJoinWorkerThread.java:107)
Caused by: org.apache.http.client.RedirectException: Maximum redirects (100) exceeded
	at org.apache.http.impl.client.DefaultRequestDirector.handleResponse(DefaultRequestDirector.java:1097)
	at org.apache.http.impl.client.DefaultRequestDirector.execute(DefaultRequestDirector.java:548)
	at org.apache.http.impl.client.AbstractHttpClient.execute(AbstractHttpClient.java:906)
	... 21 more
