0    INFO  [2013-01-08 13:05:58]  Refreshing org.springframework.context.support.ClassPathXmlApplicationContext@3a860d49: display name [org.springframework.context.support.ClassPathXmlApplicationContext@3a860d49]; startup date [Tue Jan 08 13:05:58 CST 2013]; root of context hierarchy
58   INFO  [2013-01-08 13:05:58]  Loading XML bean definitions from URL [file:/home/chenjw/my_workspace/spider/deleted-tweets/build/classes/context.xml]
160  INFO  [2013-01-08 13:05:58]  Loading XML bean definitions from URL [file:/home/chenjw/my_workspace/spider/deleted-tweets/build/classes/spring/datasource.xml]
186  INFO  [2013-01-08 13:05:58]  Loading XML bean definitions from URL [file:/home/chenjw/my_workspace/spider/deleted-tweets/build/classes/spring/dao.xml]
201  INFO  [2013-01-08 13:05:58]  Loading XML bean definitions from URL [file:/home/chenjw/my_workspace/spider/deleted-tweets/build/classes/spring/service.xml]
214  INFO  [2013-01-08 13:05:58]  Bean factory for application context [org.springframework.context.support.ClassPathXmlApplicationContext@3a860d49]: org.springframework.beans.factory.support.DefaultListableBeanFactory@3e110003
349  INFO  [2013-01-08 13:05:59]  Pre-instantiating singletons in org.springframework.beans.factory.support.DefaultListableBeanFactory@3e110003: defining beans [org.springframework.beans.factory.config.PropertyPlaceholderConfigurer#0,dataSource,sqlMapClient,lobHandler,baseSqlMapClientDAO,deletedTweetDAO,tweetDAO,watchedUserDAO,deletedTweetService,weiboService]; root of factory hierarchy
0    INFO  [2013-01-08 13:06:31]  Refreshing org.springframework.context.support.ClassPathXmlApplicationContext@3a860d49: display name [org.springframework.context.support.ClassPathXmlApplicationContext@3a860d49]; startup date [Tue Jan 08 13:06:31 CST 2013]; root of context hierarchy
55   INFO  [2013-01-08 13:06:31]  Loading XML bean definitions from URL [file:/home/chenjw/my_workspace/spider/deleted-tweets/build/classes/context.xml]
137  INFO  [2013-01-08 13:06:31]  Loading XML bean definitions from URL [file:/home/chenjw/my_workspace/spider/deleted-tweets/build/classes/spring/datasource.xml]
166  INFO  [2013-01-08 13:06:31]  Loading XML bean definitions from URL [file:/home/chenjw/my_workspace/spider/deleted-tweets/build/classes/spring/dao.xml]
179  INFO  [2013-01-08 13:06:31]  Loading XML bean definitions from URL [file:/home/chenjw/my_workspace/spider/deleted-tweets/build/classes/spring/service.xml]
190  INFO  [2013-01-08 13:06:31]  Bean factory for application context [org.springframework.context.support.ClassPathXmlApplicationContext@3a860d49]: org.springframework.beans.factory.support.DefaultListableBeanFactory@69945ce
331  INFO  [2013-01-08 13:06:31]  Pre-instantiating singletons in org.springframework.beans.factory.support.DefaultListableBeanFactory@69945ce: defining beans [org.springframework.beans.factory.config.PropertyPlaceholderConfigurer#0,dataSource,sqlMapClient,lobHandler,baseSqlMapClientDAO,deletedTweetDAO,tweetDAO,watchedUserDAO,deletedTweetService,weiboService]; root of factory hierarchy
0    INFO  [2013-01-08 13:10:22]  Refreshing org.springframework.context.support.ClassPathXmlApplicationContext@3a860d49: display name [org.springframework.context.support.ClassPathXmlApplicationContext@3a860d49]; startup date [Tue Jan 08 13:10:22 CST 2013]; root of context hierarchy
56   INFO  [2013-01-08 13:10:22]  Loading XML bean definitions from URL [file:/home/chenjw/my_workspace/spider/deleted-tweets/build/classes/context.xml]
147  INFO  [2013-01-08 13:10:22]  Loading XML bean definitions from URL [file:/home/chenjw/my_workspace/spider/deleted-tweets/build/classes/spring/datasource.xml]
177  INFO  [2013-01-08 13:10:22]  Loading XML bean definitions from URL [file:/home/chenjw/my_workspace/spider/deleted-tweets/build/classes/spring/dao.xml]
192  INFO  [2013-01-08 13:10:22]  Loading XML bean definitions from URL [file:/home/chenjw/my_workspace/spider/deleted-tweets/build/classes/spring/service.xml]
205  INFO  [2013-01-08 13:10:22]  Bean factory for application context [org.springframework.context.support.ClassPathXmlApplicationContext@3a860d49]: org.springframework.beans.factory.support.DefaultListableBeanFactory@2b2d96f2
348  INFO  [2013-01-08 13:10:23]  Pre-instantiating singletons in org.springframework.beans.factory.support.DefaultListableBeanFactory@2b2d96f2: defining beans [org.springframework.beans.factory.config.PropertyPlaceholderConfigurer#0,dataSource,sqlMapClient,lobHandler,baseSqlMapClientDAO,deletedTweetDAO,tweetDAO,watchedUserDAO,deletedTweetService,weiboService]; root of factory hierarchy
0    INFO  [2013-01-08 13:10:54]  Refreshing org.springframework.context.support.ClassPathXmlApplicationContext@36d251a3: display name [org.springframework.context.support.ClassPathXmlApplicationContext@36d251a3]; startup date [Tue Jan 08 13:10:54 CST 2013]; root of context hierarchy
56   INFO  [2013-01-08 13:10:54]  Loading XML bean definitions from URL [file:/home/chenjw/my_workspace/spider/deleted-tweets/build/classes/context.xml]
158  INFO  [2013-01-08 13:10:54]  Loading XML bean definitions from URL [file:/home/chenjw/my_workspace/spider/deleted-tweets/build/classes/spring/datasource.xml]
180  INFO  [2013-01-08 13:10:54]  Loading XML bean definitions from URL [file:/home/chenjw/my_workspace/spider/deleted-tweets/build/classes/spring/dao.xml]
194  INFO  [2013-01-08 13:10:54]  Loading XML bean definitions from URL [file:/home/chenjw/my_workspace/spider/deleted-tweets/build/classes/spring/service.xml]
208  INFO  [2013-01-08 13:10:54]  Bean factory for application context [org.springframework.context.support.ClassPathXmlApplicationContext@36d251a3]: org.springframework.beans.factory.support.DefaultListableBeanFactory@3e110003
357  INFO  [2013-01-08 13:10:54]  Pre-instantiating singletons in org.springframework.beans.factory.support.DefaultListableBeanFactory@3e110003: defining beans [org.springframework.beans.factory.config.PropertyPlaceholderConfigurer#0,dataSource,sqlMapClient,lobHandler,baseSqlMapClientDAO,deletedTweetDAO,tweetDAO,watchedUserDAO,deletedTweetService,weiboService]; root of factory hierarchy
0    INFO  [2013-01-08 13:13:09]  Refreshing org.springframework.context.support.ClassPathXmlApplicationContext@3a860d49: display name [org.springframework.context.support.ClassPathXmlApplicationContext@3a860d49]; startup date [Tue Jan 08 13:13:09 CST 2013]; root of context hierarchy
56   INFO  [2013-01-08 13:13:09]  Loading XML bean definitions from URL [file:/home/chenjw/my_workspace/spider/deleted-tweets/build/classes/context.xml]
157  INFO  [2013-01-08 13:13:09]  Loading XML bean definitions from URL [file:/home/chenjw/my_workspace/spider/deleted-tweets/build/classes/spring/datasource.xml]
188  INFO  [2013-01-08 13:13:09]  Loading XML bean definitions from URL [file:/home/chenjw/my_workspace/spider/deleted-tweets/build/classes/spring/dao.xml]
203  INFO  [2013-01-08 13:13:09]  Loading XML bean definitions from URL [file:/home/chenjw/my_workspace/spider/deleted-tweets/build/classes/spring/service.xml]
218  INFO  [2013-01-08 13:13:10]  Bean factory for application context [org.springframework.context.support.ClassPathXmlApplicationContext@3a860d49]: org.springframework.beans.factory.support.DefaultListableBeanFactory@3e110003
367  INFO  [2013-01-08 13:13:10]  Pre-instantiating singletons in org.springframework.beans.factory.support.DefaultListableBeanFactory@3e110003: defining beans [org.springframework.beans.factory.config.PropertyPlaceholderConfigurer#0,dataSource,sqlMapClient,lobHandler,baseSqlMapClientDAO,deletedTweetDAO,tweetDAO,watchedUserDAO,deletedTweetService,weiboService]; root of factory hierarchy
1372 INFO  [2013-01-08 13:13:11]  remain 140
121838 INFO  [2013-01-08 13:15:11]  remain 139
242079 INFO  [2013-01-08 13:17:11]  remain 138
362309 INFO  [2013-01-08 13:19:12]  remain 137
482561 INFO  [2013-01-08 13:21:12]  remain 136
602800 INFO  [2013-01-08 13:23:12]  remain 135
723096 INFO  [2013-01-08 13:25:12]  remain 134
844850 INFO  [2013-01-08 13:27:14]  remain 133
965117 INFO  [2013-01-08 13:29:14]  remain 132
1085371 INFO  [2013-01-08 13:31:15]  remain 131
1205616 INFO  [2013-01-08 13:33:15]  remain 130
1325866 INFO  [2013-01-08 13:35:15]  remain 129
1446175 INFO  [2013-01-08 13:37:15]  remain 128
1566411 INFO  [2013-01-08 13:39:16]  remain 127
1686647 INFO  [2013-01-08 13:41:16]  remain 126
1806906 INFO  [2013-01-08 13:43:16]  remain 125
1927187 INFO  [2013-01-08 13:45:16]  remain 124
0    INFO  [2013-01-08 13:48:26]  Refreshing org.springframework.context.support.ClassPathXmlApplicationContext@3a860d49: display name [org.springframework.context.support.ClassPathXmlApplicationContext@3a860d49]; startup date [Tue Jan 08 13:48:26 CST 2013]; root of context hierarchy
56   INFO  [2013-01-08 13:48:26]  Loading XML bean definitions from URL [file:/home/chenjw/my_workspace/spider/deleted-tweets/build/classes/context.xml]
156  INFO  [2013-01-08 13:48:26]  Loading XML bean definitions from URL [file:/home/chenjw/my_workspace/spider/deleted-tweets/build/classes/spring/datasource.xml]
184  INFO  [2013-01-08 13:48:26]  Loading XML bean definitions from URL [file:/home/chenjw/my_workspace/spider/deleted-tweets/build/classes/spring/dao.xml]
199  INFO  [2013-01-08 13:48:26]  Loading XML bean definitions from URL [file:/home/chenjw/my_workspace/spider/deleted-tweets/build/classes/spring/service.xml]
213  INFO  [2013-01-08 13:48:26]  Bean factory for application context [org.springframework.context.support.ClassPathXmlApplicationContext@3a860d49]: org.springframework.beans.factory.support.DefaultListableBeanFactory@3e110003
373  INFO  [2013-01-08 13:48:26]  Pre-instantiating singletons in org.springframework.beans.factory.support.DefaultListableBeanFactory@3e110003: defining beans [org.springframework.beans.factory.config.PropertyPlaceholderConfigurer#0,dataSource,sqlMapClient,lobHandler,baseSqlMapClientDAO,deletedTweetDAO,tweetDAO,watchedUserDAO,deletedTweetService,weiboService]; root of factory hierarchy
1390 INFO  [2013-01-08 13:48:27]  remain 123
0    INFO  [2013-01-08 14:26:45]  Refreshing org.springframework.context.support.ClassPathXmlApplicationContext@3a860d49: display name [org.springframework.context.support.ClassPathXmlApplicationContext@3a860d49]; startup date [Tue Jan 08 14:26:45 CST 2013]; root of context hierarchy
54   INFO  [2013-01-08 14:26:45]  Loading XML bean definitions from URL [file:/home/chenjw/my_workspace/spider/deleted-tweets/build/classes/context.xml]
156  INFO  [2013-01-08 14:26:45]  Loading XML bean definitions from URL [file:/home/chenjw/my_workspace/spider/deleted-tweets/build/classes/spring/datasource.xml]
178  INFO  [2013-01-08 14:26:45]  Loading XML bean definitions from URL [file:/home/chenjw/my_workspace/spider/deleted-tweets/build/classes/spring/dao.xml]
193  INFO  [2013-01-08 14:26:45]  Loading XML bean definitions from URL [file:/home/chenjw/my_workspace/spider/deleted-tweets/build/classes/spring/service.xml]
207  INFO  [2013-01-08 14:26:45]  Bean factory for application context [org.springframework.context.support.ClassPathXmlApplicationContext@3a860d49]: org.springframework.beans.factory.support.DefaultListableBeanFactory@2b2d96f2
370  INFO  [2013-01-08 14:26:45]  Pre-instantiating singletons in org.springframework.beans.factory.support.DefaultListableBeanFactory@2b2d96f2: defining beans [org.springframework.beans.factory.config.PropertyPlaceholderConfigurer#0,dataSource,sqlMapClient,lobHandler,baseSqlMapClientDAO,deletedTweetDAO,tweetDAO,watchedUserDAO,deletedTweetService,weiboService]; root of factory hierarchy
1524 INFO  [2013-01-08 14:26:46]  remain 149
2389 INFO  [2013-01-08 14:26:47]  remain 148
2901 INFO  [2013-01-08 14:26:48]  remain 147
3374 INFO  [2013-01-08 14:26:48]  remain 146
3914 INFO  [2013-01-08 14:26:49]  remain 145
124640 INFO  [2013-01-08 14:28:49]  remain 144
0    INFO  [2013-01-08 14:29:58]  Refreshing org.springframework.context.support.ClassPathXmlApplicationContext@36d251a3: display name [org.springframework.context.support.ClassPathXmlApplicationContext@36d251a3]; startup date [Tue Jan 08 14:29:58 CST 2013]; root of context hierarchy
58   INFO  [2013-01-08 14:29:58]  Loading XML bean definitions from URL [file:/home/chenjw/my_workspace/spider/deleted-tweets/build/classes/context.xml]
159  INFO  [2013-01-08 14:29:58]  Loading XML bean definitions from URL [file:/home/chenjw/my_workspace/spider/deleted-tweets/build/classes/spring/datasource.xml]
180  INFO  [2013-01-08 14:29:58]  Loading XML bean definitions from URL [file:/home/chenjw/my_workspace/spider/deleted-tweets/build/classes/spring/dao.xml]
194  INFO  [2013-01-08 14:29:58]  Loading XML bean definitions from URL [file:/home/chenjw/my_workspace/spider/deleted-tweets/build/classes/spring/service.xml]
208  INFO  [2013-01-08 14:29:58]  Bean factory for application context [org.springframework.context.support.ClassPathXmlApplicationContext@36d251a3]: org.springframework.beans.factory.support.DefaultListableBeanFactory@4e17e4ca
365  INFO  [2013-01-08 14:29:58]  Pre-instantiating singletons in org.springframework.beans.factory.support.DefaultListableBeanFactory@4e17e4ca: defining beans [org.springframework.beans.factory.config.PropertyPlaceholderConfigurer#0,dataSource,sqlMapClient,lobHandler,baseSqlMapClientDAO,deletedTweetDAO,tweetDAO,watchedUserDAO,deletedTweetService,weiboService]; root of factory hierarchy
1441 INFO  [2013-01-08 14:29:59]  remain 143
244917 INFO  [2013-01-08 14:30:50]  remain 143
122018 INFO  [2013-01-08 14:32:00]  remain 142
365180 INFO  [2013-01-08 14:32:50]  remain 142
485496 INFO  [2013-01-08 14:34:50]  remain 141
605758 INFO  [2013-01-08 14:36:51]  remain 140
726000 INFO  [2013-01-08 14:38:51]  remain 139
846236 INFO  [2013-01-08 14:40:51]  remain 138
